#
# A fatal error has been detected by the Java Runtime Environment:
#
#  SIGSEGV (0xb) at pc=0x00007faba49bcfda, pid=7489, tid=140375571588864
#
# JRE version: OpenJDK Runtime Environment (7.0_101) (build 1.7.0_101-b00)
# Java VM: OpenJDK 64-Bit Server VM (24.95-b01 mixed mode linux-amd64 compressed oops)
# Derivative: IcedTea 2.6.6
# Distribution: Ubuntu 15.10, package 7u101-2.6.6-0ubuntu0.15.10.1
# Problematic frame:
# C  [i965_dri.so+0x414fda]
#
# Failed to write core dump. Core dumps have been disabled. To enable core dumping, try "ulimit -c unlimited" before starting Java again
#
# If you would like to submit a bug report, please include
# instructions on how to reproduce the bug and visit:
#   http://icedtea.classpath.org/bugzilla
# The crash happened outside the Java Virtual Machine in native code.
# See problematic frame for where to report the bug.
#

---------------  T H R E A D  ---------------

Current thread (0x00007faba8008800):  JavaThread "AWT-EventQueue-2" [_thread_in_native, id=7520, stack(0x00007fabbc046000,0x00007fabbc147000)]

siginfo:si_signo=SIGSEGV: si_errno=0, si_code=1 (SEGV_MAPERR), si_addr=0x0000000100000000

Registers:
RAX=0x00007faba49bcfd0, RBX=0x0000000000000000, RCX=0x0000000000000000, RDX=0x0000000000000001
RSP=0x00007fabbc1447c0, RBP=0x0000000000000000, RSI=0x00007faba1040070, RDI=0x0000000100000000
R8 =0x0000000000000000, R9 =0x00007faba7198d20, R10=0x00007fac05014e6c, R11=0x00007fac0ea419a0
R12=0x00007faba103ff80, R13=0x00007fab9c749f80, R14=0x00007fab9c78e430, R15=0x0000000000000000
RIP=0x00007faba49bcfda, EFLAGS=0x0000000000010206, CSGSFS=0x0000000000000033, ERR=0x0000000000000004
  TRAPNO=0x000000000000000e

Top of Stack: (sp=0x00007fabbc1447c0)
0x00007fabbc1447c0:   0000000000000000 0000000000000000
0x00007fabbc1447d0:   0000000000000000 00007faba103ff80
0x00007fabbc1447e0:   00007fab9c749f80 00007faba7198dc8
0x00007fabbc1447f0:   00007fabbc144820 00007fab9c78e5e0
0x00007fabbc144800:   00007fab00000000 0000000000000000
0x00007fabbc144810:   0000000004000032 00007faba716db31
0x00007fabbc144820:   00007faba103ff80 53277e70e4f89200
0x00007fabbc144830:   0000000004000032 00000000ba4c8998
0x00007fabbc144840:   00007fabbc1448b0 0000000000000000
0x00007fabbc144850:   00000000ba4c8998 00007fabbc144980
0x00007fabbc144860:   00007faba8008800 00007faba5ccd849
0x00007fabbc144870:   0000000000000000 00007faba716db60
0x00007fabbc144880:   0000000004000032 00007fab9c787050
0x00007fabbc144890:   00007fabbc144948 00007faba80089d8
0x00007fabbc1448a0:   00000000efc66ba8 00007faba716db60
0x00007fabbc1448b0:   00007fabbc144938 00007fac05014e98
0x00007fabbc1448c0:   00000000ba608568 0000000000000000
0x00007fabbc1448d0:   00000000ba607900 0000000000000000
0x00007fabbc1448e0:   00007fabbc1448f8 00007fabbc144948
0x00007fabbc1448f0:   00007fabbc1448f0 00007fabbc1448f8
0x00007fabbc144900:   0000000000000000 00007fabbc144980
0x00007fabbc144910:   00000000ba4ca9f8 0000000000000000
0x00007fabbc144920:   00000000ba4c8998 0000000000000000
0x00007fabbc144930:   00007fabbc144958 00007fabbc1449c8
0x00007fabbc144940:   00007fac05006170 00000000c53c9d80
0x00007fabbc144950:   00007fac05010d18 00007faba716db60
0x00007fabbc144960:   00000000ba4dc2a0 0000000004000032
0x00007fabbc144970:   00000000ba4b41a8 00007fab9c787050
0x00007fabbc144980:   00000000c53ca0a8 00007fabbc144988
0x00007fabbc144990:   00000000ba4c88c1 00007fabbc144a00
0x00007fabbc1449a0:   00000000ba4ca9f8 0000000000000000
0x00007fabbc1449b0:   00000000ba4c88d0 00007fabbc144958 

Instructions: (pc=0x00007faba49bcfda)
0x00007faba49bcfba:   ff 58 5a eb 99 90 5b 5d 41 5c c3 90 66 2e 0f 1f
0x00007faba49bcfca:   84 00 00 00 00 00 41 55 41 54 55 53 48 83 ec 08
0x00007faba49bcfda:   48 8b 1f 48 85 db 74 5e f6 83 48 05 00 00 01 89
0x00007faba49bcfea:   cd 41 89 d5 49 89 f4 75 7d 41 83 e5 01 75 67 85 

Register to memory mapping:

RAX=0x00007faba49bcfd0: <offset 0x414fd0> in /usr/lib/x86_64-linux-gnu/dri/i965_dri.so at 0x00007faba45a8000
RBX=0x0000000000000000 is an unknown value
RCX=0x0000000000000000 is an unknown value
RDX=0x0000000000000001 is an unknown value
RSP=0x00007fabbc1447c0 is pointing into the stack for thread: 0x00007faba8008800
RBP=0x0000000000000000 is an unknown value
RSI=0x00007faba1040070 is an unknown value
RDI=0x0000000100000000 is an unknown value
R8 =0x0000000000000000 is an unknown value
R9 =0x00007faba7198d20: <offset 0x45d20> in /usr/lib/x86_64-linux-gnu/mesa/libGL.so.1 at 0x00007faba7153000
R10=0x00007fac05014e6c is at code_begin+620 in an Interpreter codelet
method entry point (kind = native)  [0x00007fac05014c00, 0x00007fac05015460]  2144 bytes
R11=0x00007fac0ea419a0: <offset 0x89c9a0> in /usr/lib/jvm/java-7-openjdk-amd64/jre/lib/amd64/server/libjvm.so at 0x00007fac0e1a5000
R12=0x00007faba103ff80 is an unknown value
R13=0x00007fab9c749f80 is an unknown value
R14=0x00007fab9c78e430 is an unknown value
R15=0x0000000000000000 is an unknown value


Stack: [0x00007fabbc046000,0x00007fabbc147000],  sp=0x00007fabbc1447c0,  free space=1017k
Native frames: (J=compiled Java code, j=interpreted, Vv=VM code, C=native code)
C  [i965_dri.so+0x414fda]

[error occurred during error reporting (printing native stack), id 0xb]

Java frames: (J=compiled Java code, j=interpreted, Vv=VM code)
j  jogamp.opengl.x11.glx.GLX.dispatch_glXSwapBuffers0(JJJ)V+0
j  jogamp.opengl.x11.glx.GLX.glXSwapBuffers(JJ)V+41
j  jogamp.opengl.x11.glx.X11GLXDrawable.swapBuffersImpl(Z)V+17
j  jogamp.opengl.GLDrawableImpl.swapBuffers()V+67
j  javax.media.opengl.awt.GLCanvas$12.run()V+45
j  java.awt.event.InvocationEvent.dispatch()V+11
j  java.awt.EventQueue.dispatchEventImpl(Ljava/awt/AWTEvent;Ljava/lang/Object;)V+21
j  java.awt.EventQueue.access$300(Ljava/awt/EventQueue;Ljava/awt/AWTEvent;Ljava/lang/Object;)V+3
j  java.awt.EventQueue$3.run()Ljava/lang/Void;+12
j  java.awt.EventQueue$3.run()Ljava/lang/Object;+1
v  ~StubRoutines::call_stub
j  java.security.AccessController.doPrivileged(Ljava/security/PrivilegedAction;Ljava/security/AccessControlContext;)Ljava/lang/Object;+0
j  java.security.ProtectionDomain$JavaSecurityAccessImpl.doIntersectionPrivilege(Ljava/security/PrivilegedAction;Ljava/security/AccessControlContext;Ljava/security/AccessControlContext;)Ljava/lang/Object;+18
j  java.awt.EventQueue.dispatchEvent(Ljava/awt/AWTEvent;)V+46
j  java.awt.EventDispatchThread.pumpOneEventForFilters(I)V+245
j  java.awt.EventDispatchThread.pumpEventsForFilter(ILjava/awt/Conditional;Ljava/awt/EventFilter;)V+35
j  java.awt.EventDispatchThread.pumpEventsForHierarchy(ILjava/awt/Conditional;Ljava/awt/Component;)V+11
j  java.awt.EventDispatchThread.pumpEvents(ILjava/awt/Conditional;)V+4
j  java.awt.EventDispatchThread.pumpEvents(Ljava/awt/Conditional;)V+3
j  java.awt.EventDispatchThread.run()V+9
v  ~StubRoutines::call_stub

---------------  P R O C E S S  ---------------

Java Threads: ( => current thread )
  0x00007faba23fe000 JavaThread "Thread-20" [_thread_blocked, id=7552, stack(0x00007fab9a541000,0x00007fab9a642000)]
  0x00007fab80003800 JavaThread "Keep-Alive-Timer" daemon [_thread_blocked, id=7534, stack(0x00007fab9a844000,0x00007fab9a945000)]
  0x00007fab9c176000 JavaThread "Animation Thread-SharedResourceRunner" daemon [_thread_blocked, id=7529, stack(0x00007faba7dfe000,0x00007faba7eff000)]
=>0x00007faba8008800 JavaThread "AWT-EventQueue-2" [_thread_in_native, id=7520, stack(0x00007fabbc046000,0x00007fabbc147000)]
  0x00007fac0800a800 JavaThread "DestroyJavaVM" [_thread_blocked, id=7495, stack(0x00007fac0fce9000,0x00007fac0fdea000)]
  0x00007fabb4002800 JavaThread "Thread-0" [_thread_in_native, id=7515, stack(0x00007fabbc7b0000,0x00007fabbcfb1000)]
  0x00007fac08289000 JavaThread "AWT-EventQueue-1" [_thread_blocked, id=7518, stack(0x00007fabbc5ae000,0x00007fabbc6af000)]
  0x00007fac0826f800 JavaThread "thread applet-module6.AirportMap.class" [_thread_blocked, id=7517, stack(0x00007fabbc6af000,0x00007fabbc7b0000)]
  0x00007fac0825d000 JavaThread "AWT-EventQueue-0" [_thread_blocked, id=7514, stack(0x00007fabbcfb1000,0x00007fabbd0b2000)]
  0x00007fac08259000 JavaThread "AWT-Shutdown" [_thread_blocked, id=7513, stack(0x00007fabcc011000,0x00007fabcc112000)]
  0x00007fac08231000 JavaThread "process reaper" daemon [_thread_blocked, id=7512, stack(0x00007fac04042000,0x00007fac0407b000)]
  0x00007fac08225000 JavaThread "AWT-XAWT" daemon [_thread_blocked, id=7510, stack(0x00007fabcc77e000,0x00007fabcc87f000)]
  0x00007fac08200800 JavaThread "Java2D Disposer" daemon [_thread_blocked, id=7509, stack(0x00007fabfc082000,0x00007fabfc183000)]
  0x00007fac080af000 JavaThread "Service Thread" daemon [_thread_blocked, id=7506, stack(0x00007fabfc9b2000,0x00007fabfcab3000)]
  0x00007fac080ac800 JavaThread "C2 CompilerThread1" daemon [_thread_blocked, id=7505, stack(0x00007fabfcab3000,0x00007fabfcbb4000)]
  0x00007fac080a9800 JavaThread "C2 CompilerThread0" daemon [_thread_blocked, id=7504, stack(0x00007fabfcbb4000,0x00007fabfccb5000)]
  0x00007fac080a7800 JavaThread "Signal Dispatcher" daemon [_thread_blocked, id=7503, stack(0x00007fabfccb5000,0x00007fabfcdb6000)]
  0x00007fac0807c800 JavaThread "Finalizer" daemon [_thread_blocked, id=7502, stack(0x00007fabfd498000,0x00007fabfd599000)]
  0x00007fac0807a800 JavaThread "Reference Handler" daemon [_thread_blocked, id=7501, stack(0x00007fabfd599000,0x00007fabfd69a000)]

Other Threads:
  0x00007fac08076000 VMThread [stack: 0x00007fabfd69a000,0x00007fabfd79b000] [id=7500]
  0x00007fac080ba000 WatcherThread [stack: 0x00007fabfc8b1000,0x00007fabfc9b2000] [id=7507]

VM state:not at safepoint (normal execution)

VM Mutex/Monitor currently owned by a thread: None

Heap
 PSYoungGen      total 106496K, used 83375K [0x00000000ebe00000, 0x00000000f4e00000, 0x0000000100000000)
  eden space 80384K, 80% used [0x00000000ebe00000,0x00000000efd64eb8,0x00000000f0c80000)
  from space 26112K, 70% used [0x00000000f2780000,0x00000000f3986fd0,0x00000000f4100000)
  to   space 27648K, 0% used [0x00000000f0c80000,0x00000000f0c80000,0x00000000f2780000)
 ParOldGen       total 66560K, used 36504K [0x00000000c3a00000, 0x00000000c7b00000, 0x00000000ebe00000)
  object space 66560K, 54% used [0x00000000c3a00000,0x00000000c5da6158,0x00000000c7b00000)
 PSPermGen       total 38912K, used 20302K [0x00000000b9400000, 0x00000000bba00000, 0x00000000c3a00000)
  object space 38912K, 52% used [0x00000000b9400000,0x00000000ba7d3bb0,0x00000000bba00000)

Card table byte_map: [0x00007fac0c642000,0x00007fac0c879000] byte_map_base: 0x00007fac0c078000

Polling page: 0x00007fac0fe0c000

Code Cache  [0x00007fac05000000, 0x00007fac05270000, 0x00007fac08000000)
 total_blobs=1336 nmethods=440 adapters=849 free_code_cache=47449Kb largest_free_block=48530304

Compilation events (10 events):
Event: 12.887 Thread 0x00007fac080a9800  487             java.lang.Math::floor (5 bytes)
Event: 12.889 Thread 0x00007fac080a9800 nmethod 487 0x00007fac0514e110 code [0x00007fac0514e280, 0x00007fac0514e3b8]
Event: 13.025 Thread 0x00007fac080ac800  489             de.fhpotsdam.unfolding.core.Coordinate::hashCode (8 bytes)
Event: 13.025 Thread 0x00007fac080a9800  490             de.fhpotsdam.unfolding.core.Coordinate::toString (67 bytes)
Event: 13.101 Thread 0x00007fac080a9800 nmethod 490 0x00007fac051af250 code [0x00007fac051af520, 0x00007fac051b1450]
Event: 13.107 Thread 0x00007fac080a9800  491             de.fhpotsdam.unfolding.core.Coordinate::equals (47 bytes)
Event: 13.107 Thread 0x00007fac080ac800 nmethod 489 0x00007fac051b3510 code [0x00007fac051b37e0, 0x00007fac051b5850]
Event: 13.108 Thread 0x00007fac080a9800 nmethod 491 0x00007fac0514ee90 code [0x00007fac0514efe0, 0x00007fac0514f158]
Event: 13.314 Thread 0x00007fac080ac800  492             java.lang.Math::round (19 bytes)
Event: 13.315 Thread 0x00007fac080ac800 nmethod 492 0x00007fac05139f10 code [0x00007fac0513a0a0, 0x00007fac0513a258]

GC Heap History (10 events):
Event: 3.243 GC heap before
{Heap before GC invocations=5 (full 0):
 PSYoungGen      total 34304K, used 34276K [0x00000000ebe00000, 0x00000000ee200000, 0x0000000100000000)
  eden space 31744K, 100% used [0x00000000ebe00000,0x00000000edd00000,0x00000000edd00000)
  from space 2560K, 98% used [0x00000000edf80000,0x00000000ee1f92d8,0x00000000ee200000)
  to   space 2560K, 0% used [0x00000000edd00000,0x00000000edd00000,0x00000000edf80000)
 ParOldGen       total 40960K, used 11434K [0x00000000c3a00000, 0x00000000c6200000, 0x00000000ebe00000)
  object space 40960K, 27% used [0x00000000c3a00000,0x00000000c452a8a8,0x00000000c6200000)
 PSPermGen       total 21504K, used 19436K [0x00000000b9400000, 0x00000000ba900000, 0x00000000c3a00000)
  object space 21504K, 90% used [0x00000000b9400000,0x00000000ba6fb038,0x00000000ba900000)
Event: 3.268 GC heap after
Heap after GC invocations=5 (full 0):
 PSYoungGen      total 34304K, used 2532K [0x00000000ebe00000, 0x00000000f1e00000, 0x0000000100000000)
  eden space 31744K, 0% used [0x00000000ebe00000,0x00000000ebe00000,0x00000000edd00000)
  from space 2560K, 98% used [0x00000000edd00000,0x00000000edf792d8,0x00000000edf80000)
  to   space 17408K, 0% used [0x00000000f0d00000,0x00000000f0d00000,0x00000000f1e00000)
 ParOldGen       total 40960K, used 28150K [0x00000000c3a00000, 0x00000000c6200000, 0x00000000ebe00000)
  object space 40960K, 68% used [0x00000000c3a00000,0x00000000c557daa8,0x00000000c6200000)
 PSPermGen       total 21504K, used 19436K [0x00000000b9400000, 0x00000000ba900000, 0x00000000c3a00000)
  object space 21504K, 90% used [0x00000000b9400000,0x00000000ba6fb038,0x00000000ba900000)
}
Event: 3.268 GC heap before
{Heap before GC invocations=6 (full 1):
 PSYoungGen      total 34304K, used 2532K [0x00000000ebe00000, 0x00000000f1e00000, 0x0000000100000000)
  eden space 31744K, 0% used [0x00000000ebe00000,0x00000000ebe00000,0x00000000edd00000)
  from space 2560K, 98% used [0x00000000edd00000,0x00000000edf792d8,0x00000000edf80000)
  to   space 17408K, 0% used [0x00000000f0d00000,0x00000000f0d00000,0x00000000f1e00000)
 ParOldGen       total 40960K, used 28150K [0x00000000c3a00000, 0x00000000c6200000, 0x00000000ebe00000)
  object space 40960K, 68% used [0x00000000c3a00000,0x00000000c557daa8,0x00000000c6200000)
 PSPermGen       total 21504K, used 19436K [0x00000000b9400000, 0x00000000ba900000, 0x00000000c3a00000)
  object space 21504K, 90% used [0x00000000b9400000,0x00000000ba6fb038,0x00000000ba900000)
Event: 3.433 GC heap after
Heap after GC invocations=6 (full 1):
 PSYoungGen      total 34304K, used 0K [0x00000000ebe00000, 0x00000000f1e00000, 0x0000000100000000)
  eden space 31744K, 0% used [0x00000000ebe00000,0x00000000ebe00000,0x00000000edd00000)
  from space 2560K, 0% used [0x00000000edd00000,0x00000000edd00000,0x00000000edf80000)
  to   space 17408K, 0% used [0x00000000f0d00000,0x00000000f0d00000,0x00000000f1e00000)
 ParOldGen       total 66560K, used 27786K [0x00000000c3a00000, 0x00000000c7b00000, 0x00000000ebe00000)
  object space 66560K, 41% used [0x00000000c3a00000,0x00000000c5522b68,0x00000000c7b00000)
 PSPermGen       total 38912K, used 19431K [0x00000000b9400000, 0x00000000bba00000, 0x00000000c3a00000)
  object space 38912K, 49% used [0x00000000b9400000,0x00000000ba6f9ca8,0x00000000bba00000)
}
Event: 3.484 GC heap before
{Heap before GC invocations=7 (full 1):
 PSYoungGen      total 34304K, used 31744K [0x00000000ebe00000, 0x00000000f1e00000, 0x0000000100000000)
  eden space 31744K, 100% used [0x00000000ebe00000,0x00000000edd00000,0x00000000edd00000)
  from space 2560K, 0% used [0x00000000edd00000,0x00000000edd00000,0x00000000edf80000)
  to   space 17408K, 0% used [0x00000000f0d00000,0x00000000f0d00000,0x00000000f1e00000)
 ParOldGen       total 66560K, used 27786K [0x00000000c3a00000, 0x00000000c7b00000, 0x00000000ebe00000)
  object space 66560K, 41% used [0x00000000c3a00000,0x00000000c5522b68,0x00000000c7b00000)
 PSPermGen       total 38912K, used 19431K [0x00000000b9400000, 0x00000000bba00000, 0x00000000c3a00000)
  object space 38912K, 49% used [0x00000000b9400000,0x00000000ba6f9ca8,0x00000000bba00000)
Event: 3.503 GC heap after
Heap after GC invocations=7 (full 1):
 PSYoungGen      total 62464K, used 12885K [0x00000000ebe00000, 0x00000000f1a00000, 0x0000000100000000)
  eden space 49152K, 0% used [0x00000000ebe00000,0x00000000ebe00000,0x00000000eee00000)
  from space 13312K, 96% used [0x00000000f0d00000,0x00000000f19957a0,0x00000000f1a00000)
  to   space 18432K, 0% used [0x00000000ef600000,0x00000000ef600000,0x00000000f0800000)
 ParOldGen       total 66560K, used 27786K [0x00000000c3a00000, 0x00000000c7b00000, 0x00000000ebe00000)
  object space 66560K, 41% used [0x00000000c3a00000,0x00000000c5522b68,0x00000000c7b00000)
 PSPermGen       total 38912K, used 19431K [0x00000000b9400000, 0x00000000bba00000, 0x00000000c3a00000)
  object space 38912K, 49% used [0x00000000b9400000,0x00000000ba6f9ca8,0x00000000bba00000)
}
Event: 4.714 GC heap before
{Heap before GC invocations=8 (full 1):
 PSYoungGen      total 62464K, used 62037K [0x00000000ebe00000, 0x00000000f1a00000, 0x0000000100000000)
  eden space 49152K, 100% used [0x00000000ebe00000,0x00000000eee00000,0x00000000eee00000)
  from space 13312K, 96% used [0x00000000f0d00000,0x00000000f19957a0,0x00000000f1a00000)
  to   space 18432K, 0% used [0x00000000ef600000,0x00000000ef600000,0x00000000f0800000)
 ParOldGen       total 66560K, used 27786K [0x00000000c3a00000, 0x00000000c7b00000, 0x00000000ebe00000)
  object space 66560K, 41% used [0x00000000c3a00000,0x00000000c5522b68,0x00000000c7b00000)
 PSPermGen       total 38912K, used 20195K [0x00000000b9400000, 0x00000000bba00000, 0x00000000c3a00000)
  object space 38912K, 51% used [0x00000000b9400000,0x00000000ba7b8d60,0x00000000bba00000)
Event: 5.043 GC heap after
Heap after GC invocations=8 (full 1):
 PSYoungGen      total 75776K, used 18427K [0x00000000ebe00000, 0x00000000f4100000, 0x0000000100000000)
  eden space 57344K, 0% used [0x00000000ebe00000,0x00000000ebe00000,0x00000000ef600000)
  from space 18432K, 99% used [0x00000000ef600000,0x00000000f07fefe0,0x00000000f0800000)
  to   space 26112K, 0% used [0x00000000f2780000,0x00000000f2780000,0x00000000f4100000)
 ParOldGen       total 66560K, used 36504K [0x00000000c3a00000, 0x00000000c7b00000, 0x00000000ebe00000)
  object space 66560K, 54% used [0x00000000c3a00000,0x00000000c5da6158,0x00000000c7b00000)
 PSPermGen       total 38912K, used 20195K [0x00000000b9400000, 0x00000000bba00000, 0x00000000c3a00000)
  object space 38912K, 51% used [0x00000000b9400000,0x00000000ba7b8d60,0x00000000bba00000)
}
Event: 8.998 GC heap before
{Heap before GC invocations=9 (full 1):
 PSYoungGen      total 75776K, used 75771K [0x00000000ebe00000, 0x00000000f4100000, 0x0000000100000000)
  eden space 57344K, 100% used [0x00000000ebe00000,0x00000000ef600000,0x00000000ef600000)
  from space 18432K, 99% used [0x00000000ef600000,0x00000000f07fefe0,0x00000000f0800000)
  to   space 26112K, 0% used [0x00000000f2780000,0x00000000f2780000,0x00000000f4100000)
 ParOldGen       total 66560K, used 36504K [0x00000000c3a00000, 0x00000000c7b00000, 0x00000000ebe00000)
  object space 66560K, 54% used [0x00000000c3a00000,0x00000000c5da6158,0x00000000c7b00000)
 PSPermGen       total 38912K, used 20253K [0x00000000b9400000, 0x00000000bba00000, 0x00000000c3a00000)
  object space 38912K, 52% used [0x00000000b9400000,0x00000000ba7c7558,0x00000000bba00000)
Event: 9.017 GC heap after
Heap after GC invocations=9 (full 1):
 PSYoungGen      total 106496K, used 18459K [0x00000000ebe00000, 0x00000000f4e00000, 0x0000000100000000)
  eden space 80384K, 0% used [0x00000000ebe00000,0x00000000ebe00000,0x00000000f0c80000)
  from space 26112K, 70% used [0x00000000f2780000,0x00000000f3986fd0,0x00000000f4100000)
  to   space 27648K, 0% used [0x00000000f0c80000,0x00000000f0c80000,0x00000000f2780000)
 ParOldGen       total 66560K, used 36504K [0x00000000c3a00000, 0x00000000c7b00000, 0x00000000ebe00000)
  object space 66560K, 54% used [0x00000000c3a00000,0x00000000c5da6158,0x00000000c7b00000)
 PSPermGen       total 38912K, used 20253K [0x00000000b9400000, 0x00000000bba00000, 0x00000000c3a00000)
  object space 38912K, 52% used [0x00000000b9400000,0x00000000ba7c7558,0x00000000bba00000)
}

Deoptimization events (10 events):
Event: 3.683 Thread 0x00007faba1cec000 Uncommon trap: reason=unstable_if action=reinterpret pc=0x00007fac0514daa8 method=java.lang.String.split(Ljava/lang/String;I)[Ljava/lang/String; @ 32
Event: 3.683 Thread 0x00007faba1cec000 Uncommon trap: reason=unstable_if action=reinterpret pc=0x00007fac051289dc method=java.lang.CharacterDataLatin1.digit(II)I @ 31
Event: 3.683 Thread 0x00007faba1cec000 Uncommon trap: reason=unstable_if action=reinterpret pc=0x00007fac05126370 method=java.lang.CharacterDataLatin1.digit(II)I @ 31
Event: 3.683 Thread 0x00007faba1cec000 Uncommon trap: reason=unstable_if action=reinterpret pc=0x00007fac0513af98 method=java.lang.CharacterDataLatin1.digit(II)I @ 31
Event: 3.983 Thread 0x00007faba8008800 Uncommon trap: reason=unstable_if action=reinterpret pc=0x00007fac05165198 method=processing.opengl.PGraphicsOpenGL$InGeometry.addVertex(FFFIFFFFFIFIIIFIZ)I @ 218
Event: 3.983 Thread 0x00007faba8008800 Uncommon trap: reason=unstable_if action=reinterpret pc=0x00007fac0516aeac method=processing.core.PApplet.max(III)I @ 20
Event: 3.984 Thread 0x00007faba8008800 Uncommon trap: reason=unstable_if action=reinterpret pc=0x00007fac05163350 method=processing.core.PApplet.min(III)I @ 7
Event: 3.984 Thread 0x00007faba8008800 Uncommon trap: reason=unstable_if action=reinterpret pc=0x00007fac05142510 method=processing.core.PApplet.max(III)I @ 20
Event: 4.187 Thread 0x00007faba8008800 Uncommon trap: reason=unstable_if action=reinterpret pc=0x00007fac0508bc04 method=processing.opengl.Texture.convertToRGBA([IIII)V @ 281
Event: 5.064 Thread 0x00007fab8c004000 Uncommon trap: reason=unstable_if action=reinterpret pc=0x00007fac05193c18 method=java.awt.image.IndexColorModel.getDataElements(ILjava/lang/Object;)Ljava/lang/Object; @ 70

Internal exceptions (10 events):
Event: 3.567 Thread 0x00007faba8008800 Threw 0x00000000ec46fb40 at /build/openjdk-7-hZgspp/openjdk-7-7u101-2.6.6/build/openjdk/hotspot/src/share/vm/prims/jvm.cpp:1322
Event: 3.581 Thread 0x00007faba8008800 Threw 0x00000000ec8c61c0 at /build/openjdk-7-hZgspp/openjdk-7-7u101-2.6.6/build/openjdk/hotspot/src/share/vm/prims/jvm.cpp:1322
Event: 3.605 Thread 0x00007faba8008800 Threw 0x00000000ecbc15c0 at /build/openjdk-7-hZgspp/openjdk-7-7u101-2.6.6/build/openjdk/hotspot/src/share/vm/prims/jvm.cpp:1322
Event: 3.986 Thread 0x00007faba8008800 Threw 0x00000000ed7b3d40 at /build/openjdk-7-hZgspp/openjdk-7-7u101-2.6.6/build/openjdk/hotspot/src/share/vm/runtime/reflection.cpp:1030
Event: 3.986 Thread 0x00007faba8008800 Threw 0x00000000ed7b4058 at /build/openjdk-7-hZgspp/openjdk-7-7u101-2.6.6/build/openjdk/hotspot/src/share/vm/runtime/reflection.cpp:1030
Event: 4.167 Thread 0x00007faba8008800 Threw 0x00000000edb66f78 at /build/openjdk-7-hZgspp/openjdk-7-7u101-2.6.6/build/openjdk/hotspot/src/share/vm/runtime/reflection.cpp:1030
Event: 4.167 Thread 0x00007faba8008800 Threw 0x00000000edb67290 at /build/openjdk-7-hZgspp/openjdk-7-7u101-2.6.6/build/openjdk/hotspot/src/share/vm/runtime/reflection.cpp:1030
Event: 4.280 Thread 0x00007faba8008800 Threw 0x00000000ee0681a8 at /build/openjdk-7-hZgspp/openjdk-7-7u101-2.6.6/build/openjdk/hotspot/src/share/vm/runtime/reflection.cpp:1030
Event: 4.280 Thread 0x00007faba8008800 Threw 0x00000000ee0684c0 at /build/openjdk-7-hZgspp/openjdk-7-7u101-2.6.6/build/openjdk/hotspot/src/share/vm/runtime/reflection.cpp:1030
Event: 4.400 Thread 0x00007faba8008800 Threw 0x00000000ee17a9f8 at /build/openjdk-7-hZgspp/openjdk-7-7u101-2.6.6/build/openjdk/hotspot/src/share/vm/runtime/reflection.cpp:1030

Events (10 events):
Event: 10.132 Thread 0x00007fab8c004000 Thread exited: 0x00007fab8c004000
Event: 10.132 Thread 0x00007fab8c005800 Thread exited: 0x00007fab8c005800
Event: 11.622 loading class 0x00007fabd800de60
Event: 11.622 loading class 0x00007fabd800de60 done
Event: 13.243 loading class 0x00007fac080613e0
Event: 13.243 loading class 0x00007fac080613e0 done
Event: 13.243 Thread 0x00007faba23fe000 Thread added: 0x00007faba23fe000
Event: 13.243 loading class 0x00007fabd805f720
Event: 13.243 loading class 0x00007fabd805f720 done
Event: 13.382 Thread 0x00007faba8010000 Thread exited: 0x00007faba8010000


Dynamic libraries:
00400000-00401000 r-xp 00000000 08:07 6818572                            /usr/lib/jvm/java-7-openjdk-amd64/jre/bin/java
00600000-00601000 r--p 00000000 08:07 6818572                            /usr/lib/jvm/java-7-openjdk-amd64/jre/bin/java
00601000-00602000 rw-p 00001000 08:07 6818572                            /usr/lib/jvm/java-7-openjdk-amd64/jre/bin/java
00d3d000-00da4000 rw-p 00000000 00:00 0                                  [heap]
b9400000-bba00000 rw-p 00000000 00:00 0 
bba00000-c3a00000 rw-p 00000000 00:00 0 
c3a00000-c7b00000 rw-p 00000000 00:00 0 
c7b00000-ebe00000 rw-p 00000000 00:00 0 
ebe00000-f4e00000 rw-p 00000000 00:00 0 
f4e00000-100000000 rw-p 00000000 00:00 0 
7fab78000000-7fab78056000 rw-p 00000000 00:00 0 
7fab78056000-7fab7c000000 ---p 00000000 00:00 0 
7fab7c000000-7fab7c0a4000 rw-p 00000000 00:00 0 
7fab7c0a4000-7fab80000000 ---p 00000000 00:00 0 
7fab80000000-7fab80021000 rw-p 00000000 00:00 0 
7fab80021000-7fab84000000 ---p 00000000 00:00 0 
7fab84000000-7fab84021000 rw-p 00000000 00:00 0 
7fab84021000-7fab88000000 ---p 00000000 00:00 0 
7fab88000000-7fab88021000 rw-p 00000000 00:00 0 
7fab88021000-7fab8c000000 ---p 00000000 00:00 0 
7fab8c000000-7fab8c021000 rw-p 00000000 00:00 0 
7fab8c021000-7fab90000000 ---p 00000000 00:00 0 
7fab90000000-7fab90021000 rw-p 00000000 00:00 0 
7fab90021000-7fab94000000 ---p 00000000 00:00 0 
7fab94000000-7fab9696b000 rw-p 00000000 00:00 0 
7fab9696b000-7fab98000000 ---p 00000000 00:00 0 
7fab99d40000-7fab99db0000 rw-s 00000000 00:05 94647                      /drm mm object (deleted)
7fab99db0000-7fab99e20000 rw-s 00000000 00:05 94636                      /drm mm object (deleted)
7fab99e20000-7fab99e90000 rw-s 00000000 00:05 94627                      /drm mm object (deleted)
7fab99e90000-7fab99f00000 rw-s 00000000 00:05 94619                      /drm mm object (deleted)
7fab99f00000-7fab99f70000 rw-s 00000000 00:05 92450                      /drm mm object (deleted)
7fab99f70000-7fab99fe0000 rw-s 00000000 00:05 92449                      /drm mm object (deleted)
7fab99fe0000-7fab9a050000 rw-s 00000000 00:05 92448                      /drm mm object (deleted)
7fab9a050000-7fab9a0c0000 rw-s 00000000 00:05 92447                      /drm mm object (deleted)
7fab9a0c0000-7fab9a130000 rw-s 00000000 00:05 93569                      /drm mm object (deleted)
7fab9a130000-7fab9a1a0000 rw-s 00000000 00:05 93568                      /drm mm object (deleted)
7fab9a1a0000-7fab9a210000 rw-s 00000000 00:05 93567                      /drm mm object (deleted)
7fab9a210000-7fab9a280000 rw-s 00000000 00:05 93566                      /drm mm object (deleted)
7fab9a280000-7fab9a2f0000 rw-s 00000000 00:05 93565                      /drm mm object (deleted)
7fab9a2f0000-7fab9a360000 rw-s 00000000 00:05 93556                      /drm mm object (deleted)
7fab9a360000-7fab9a3d0000 rw-s 00000000 00:05 93547                      /drm mm object (deleted)
7fab9a3d0000-7fab9a440000 rw-s 00000000 00:05 93537                      /drm mm object (deleted)
7fab9a440000-7fab9a443000 ---p 00000000 00:00 0 
7fab9a443000-7fab9a541000 rw-p 00000000 00:00 0 
7fab9a541000-7fab9a544000 ---p 00000000 00:00 0 
7fab9a544000-7fab9a642000 rw-p 00000000 00:00 0 
7fab9a642000-7fab9a645000 ---p 00000000 00:00 0 
7fab9a645000-7fab9a743000 rw-p 00000000 00:00 0 
7fab9a743000-7fab9a746000 ---p 00000000 00:00 0 
7fab9a746000-7fab9a844000 rw-p 00000000 00:00 0 
7fab9a844000-7fab9a847000 ---p 00000000 00:00 0 
7fab9a847000-7fab9a945000 rw-p 00000000 00:00 0 
7fab9a945000-7fab9a94a000 r-xp 00000000 08:07 25428073                   /lib/x86_64-linux-gnu/libnss_dns-2.21.so
7fab9a94a000-7fab9ab49000 ---p 00005000 08:07 25428073                   /lib/x86_64-linux-gnu/libnss_dns-2.21.so
7fab9ab49000-7fab9ab4a000 r--p 00004000 08:07 25428073                   /lib/x86_64-linux-gnu/libnss_dns-2.21.so
7fab9ab4a000-7fab9ab4b000 rw-p 00005000 08:07 25428073                   /lib/x86_64-linux-gnu/libnss_dns-2.21.so
7fab9ab4b000-7fab9ab4d000 r-xp 00000000 08:07 25432496                   /lib/x86_64-linux-gnu/libnss_mdns4_minimal.so.2
7fab9ab4d000-7fab9ad4c000 ---p 00002000 08:07 25432496                   /lib/x86_64-linux-gnu/libnss_mdns4_minimal.so.2
7fab9ad4c000-7fab9ad4d000 r--p 00001000 08:07 25432496                   /lib/x86_64-linux-gnu/libnss_mdns4_minimal.so.2
7fab9ad4d000-7fab9ad4e000 rw-p 00002000 08:07 25432496                   /lib/x86_64-linux-gnu/libnss_mdns4_minimal.so.2
7fab9ad4e000-7fab9adbe000 rw-s 102069000 00:06 282                       /dev/dri/card0
7fab9adbe000-7fab9af7e000 rw-s 00000000 00:05 93364                      /drm mm object (deleted)
7fab9af7e000-7fab9af81000 ---p 00000000 00:00 0 
7fab9af81000-7fab9b07f000 rw-p 00000000 00:00 0 
7fab9b07f000-7fab9b082000 ---p 00000000 00:00 0 
7fab9b082000-7fab9b180000 rw-p 00000000 00:00 0 
7fab9b180000-7fab9b183000 ---p 00000000 00:00 0 
7fab9b183000-7fab9b281000 rw-p 00000000 00:00 0 
7fab9b281000-7fab9b284000 ---p 00000000 00:00 0 
7fab9b284000-7fab9b382000 rw-p 00000000 00:00 0 
7fab9b382000-7fab9b3f2000 rw-s 101ff9000 00:06 282                       /dev/dri/card0
7fab9b3f2000-7fab9b5b2000 rw-s 00000000 00:05 93354                      /drm mm object (deleted)
7fab9b5b2000-7fab9b7b2000 rw-s 00000000 00:05 93339                      /drm mm object (deleted)
7fab9b7b2000-7fab9b9b2000 rw-s 00000000 00:05 93338                      /drm mm object (deleted)
7fab9b9b2000-7fab9b9e9000 r-xp 00000000 08:07 5776595                    /usr/lib/x86_64-linux-gnu/libtxc_dxtn_s2tc.so.0.0.0
7fab9b9e9000-7fab9bbe8000 ---p 00037000 08:07 5776595                    /usr/lib/x86_64-linux-gnu/libtxc_dxtn_s2tc.so.0.0.0
7fab9bbe8000-7fab9bbe9000 r--p 00036000 08:07 5776595                    /usr/lib/x86_64-linux-gnu/libtxc_dxtn_s2tc.so.0.0.0
7fab9bbe9000-7fab9bbea000 rw-p 00037000 08:07 5776595                    /usr/lib/x86_64-linux-gnu/libtxc_dxtn_s2tc.so.0.0.0
7fab9bbea000-7fab9bbf2000 r-xp 00000000 08:07 5776359                    /usr/lib/x86_64-linux-gnu/libpciaccess.so.0.11.1
7fab9bbf2000-7fab9bdf2000 ---p 00008000 08:07 5776359                    /usr/lib/x86_64-linux-gnu/libpciaccess.so.0.11.1
7fab9bdf2000-7fab9bdf3000 r--p 00008000 08:07 5776359                    /usr/lib/x86_64-linux-gnu/libpciaccess.so.0.11.1
7fab9bdf3000-7fab9bdf4000 rw-p 00009000 08:07 5776359                    /usr/lib/x86_64-linux-gnu/libpciaccess.so.0.11.1
7fab9bdf4000-7fab9bdff000 r-xp 00000000 08:07 5775849                    /usr/lib/x86_64-linux-gnu/libdrm_radeon.so.1.0.1
7fab9bdff000-7fab9bffe000 ---p 0000b000 08:07 5775849                    /usr/lib/x86_64-linux-gnu/libdrm_radeon.so.1.0.1
7fab9bffe000-7fab9bfff000 r--p 0000a000 08:07 5775849                    /usr/lib/x86_64-linux-gnu/libdrm_radeon.so.1.0.1
7fab9bfff000-7fab9c000000 rw-p 0000b000 08:07 5775849                    /usr/lib/x86_64-linux-gnu/libdrm_radeon.so.1.0.1
7fab9c000000-7fab9c922000 rw-p 00000000 00:00 0 
7fab9c922000-7faba0000000 ---p 00000000 00:00 0 
7faba0000000-7faba274f000 rw-p 00000000 00:00 0 
7faba274f000-7faba4000000 ---p 00000000 00:00 0 
7faba4040000-7faba40e0000 rw-s 101f59000 00:06 282                       /dev/dri/card0
7faba40e0000-7faba4180000 rw-s 101eb9000 00:06 282                       /dev/dri/card0
7faba4180000-7faba4186000 r-xp 00000000 08:07 5775847                    /usr/lib/x86_64-linux-gnu/libdrm_nouveau.so.2.0.0
7faba4186000-7faba4385000 ---p 00006000 08:07 5775847                    /usr/lib/x86_64-linux-gnu/libdrm_nouveau.so.2.0.0
7faba4385000-7faba4386000 r--p 00005000 08:07 5775847                    /usr/lib/x86_64-linux-gnu/libdrm_nouveau.so.2.0.0
7faba4386000-7faba4387000 rw-p 00006000 08:07 5775847                    /usr/lib/x86_64-linux-gnu/libdrm_nouveau.so.2.0.0
7faba4387000-7faba43a7000 r-xp 00000000 08:07 5775845                    /usr/lib/x86_64-linux-gnu/libdrm_intel.so.1.0.0
7faba43a7000-7faba45a6000 ---p 00020000 08:07 5775845                    /usr/lib/x86_64-linux-gnu/libdrm_intel.so.1.0.0
7faba45a6000-7faba45a7000 r--p 0001f000 08:07 5775845                    /usr/lib/x86_64-linux-gnu/libdrm_intel.so.1.0.0
7faba45a7000-7faba45a8000 rw-p 00020000 08:07 5775845                    /usr/lib/x86_64-linux-gnu/libdrm_intel.so.1.0.0
7faba45a8000-7faba4b5a000 r-xp 00000000 08:07 6161380                    /usr/lib/x86_64-linux-gnu/dri/i965_dri.so
7faba4b5a000-7faba4d59000 ---p 005b2000 08:07 6161380                    /usr/lib/x86_64-linux-gnu/dri/i965_dri.so
7faba4d59000-7faba4d86000 r--p 005b1000 08:07 6161380                    /usr/lib/x86_64-linux-gnu/dri/i965_dri.so
7faba4d86000-7faba4d8c000 rw-p 005de000 08:07 6161380                    /usr/lib/x86_64-linux-gnu/dri/i965_dri.so
7faba4d8c000-7faba4d94000 rw-p 00000000 00:00 0 
7faba4d94000-7faba4d9a000 r-xp 00000000 08:07 6164924                    /usr/lib/x86_64-linux-gnu/mesa-egl/libGLESv2.so.2.0.0
7faba4d9a000-7faba4f9a000 ---p 00006000 08:07 6164924                    /usr/lib/x86_64-linux-gnu/mesa-egl/libGLESv2.so.2.0.0
7faba4f9a000-7faba4f9b000 r--p 00006000 08:07 6164924                    /usr/lib/x86_64-linux-gnu/mesa-egl/libGLESv2.so.2.0.0
7faba4f9b000-7faba4f9c000 rw-p 00007000 08:07 6164924                    /usr/lib/x86_64-linux-gnu/mesa-egl/libGLESv2.so.2.0.0
7faba4f9c000-7faba4fe1000 r-xp 00000000 08:07 22545676                   /tmp/jogamp_0000/file_cache/jln9143020483024532812/jln3586312741278176014/libjogl_mobile.so
7faba4fe1000-7faba51e1000 ---p 00045000 08:07 22545676                   /tmp/jogamp_0000/file_cache/jln9143020483024532812/jln3586312741278176014/libjogl_mobile.so
7faba51e1000-7faba51e2000 rw-p 00045000 08:07 22545676                   /tmp/jogamp_0000/file_cache/jln9143020483024532812/jln3586312741278176014/libjogl_mobile.so
7faba51e2000-7faba51ee000 r-xp 00000000 08:07 5775944                    /usr/lib/x86_64-linux-gnu/libgbm.so.1.0.0
7faba51ee000-7faba53ee000 ---p 0000c000 08:07 5775944                    /usr/lib/x86_64-linux-gnu/libgbm.so.1.0.0
7faba53ee000-7faba53ef000 r--p 0000c000 08:07 5775944                    /usr/lib/x86_64-linux-gnu/libgbm.so.1.0.0
7faba53ef000-7faba53f0000 rw-p 0000d000 08:07 5775944                    /usr/lib/x86_64-linux-gnu/libgbm.so.1.0.0
7faba53f0000-7faba53ff000 r-xp 00000000 08:07 5776668                    /usr/lib/x86_64-linux-gnu/libwayland-server.so.0.1.0
7faba53ff000-7faba55fe000 ---p 0000f000 08:07 5776668                    /usr/lib/x86_64-linux-gnu/libwayland-server.so.0.1.0
7faba55fe000-7faba5600000 r--p 0000e000 08:07 5776668                    /usr/lib/x86_64-linux-gnu/libwayland-server.so.0.1.0
7faba5600000-7faba5601000 rw-p 00010000 08:07 5776668                    /usr/lib/x86_64-linux-gnu/libwayland-server.so.0.1.0
7faba5601000-7faba560d000 r-xp 00000000 08:07 5776662                    /usr/lib/x86_64-linux-gnu/libwayland-client.so.0.3.0
7faba560d000-7faba580c000 ---p 0000c000 08:07 5776662                    /usr/lib/x86_64-linux-gnu/libwayland-client.so.0.3.0
7faba580c000-7faba580e000 r--p 0000b000 08:07 5776662                    /usr/lib/x86_64-linux-gnu/libwayland-client.so.0.3.0
7faba580e000-7faba580f000 rw-p 0000d000 08:07 5776662                    /usr/lib/x86_64-linux-gnu/libwayland-client.so.0.3.0
7faba580f000-7faba5815000 r-xp 00000000 08:07 5776760                    /usr/lib/x86_64-linux-gnu/libxcb-xfixes.so.0.0.0
7faba5815000-7faba5a15000 ---p 00006000 08:07 5776760                    /usr/lib/x86_64-linux-gnu/libxcb-xfixes.so.0.0.0
7faba5a15000-7faba5a16000 r--p 00006000 08:07 5776760                    /usr/lib/x86_64-linux-gnu/libxcb-xfixes.so.0.0.0
7faba5a16000-7faba5a17000 rw-p 00007000 08:07 5776760                    /usr/lib/x86_64-linux-gnu/libxcb-xfixes.so.0.0.0
7faba5a17000-7faba5a3f000 r-xp 00000000 08:07 6162764                    /usr/lib/x86_64-linux-gnu/mesa-egl/libEGL.so.1.0.0
7faba5a3f000-7faba5c3f000 ---p 00028000 08:07 6162764                    /usr/lib/x86_64-linux-gnu/mesa-egl/libEGL.so.1.0.0
7faba5c3f000-7faba5c40000 r--p 00028000 08:07 6162764                    /usr/lib/x86_64-linux-gnu/mesa-egl/libEGL.so.1.0.0
7faba5c40000-7faba5c41000 rw-p 00029000 08:07 6162764                    /usr/lib/x86_64-linux-gnu/mesa-egl/libEGL.so.1.0.0
7faba5c41000-7faba5ce6000 r-xp 00000000 08:07 22545580                   /tmp/jogamp_0000/file_cache/jln9143020483024532812/jln3586312741278176014/libjogl_desktop.so
7faba5ce6000-7faba5ee6000 ---p 000a5000 08:07 22545580                   /tmp/jogamp_0000/file_cache/jln9143020483024532812/jln3586312741278176014/libjogl_desktop.so
7faba5ee6000-7faba5ee7000 rw-p 000a5000 08:07 22545580                   /tmp/jogamp_0000/file_cache/jln9143020483024532812/jln3586312741278176014/libjogl_desktop.so
7faba5ee7000-7faba5ef4000 r-xp 00000000 08:07 5775841                    /usr/lib/x86_64-linux-gnu/libdrm.so.2.4.0
7faba5ef4000-7faba60f3000 ---p 0000d000 08:07 5775841                    /usr/lib/x86_64-linux-gnu/libdrm.so.2.4.0
7faba60f3000-7faba60f4000 r--p 0000c000 08:07 5775841                    /usr/lib/x86_64-linux-gnu/libdrm.so.2.4.0
7faba60f4000-7faba60f5000 rw-p 0000d000 08:07 5775841                    /usr/lib/x86_64-linux-gnu/libdrm.so.2.4.0
7faba60f5000-7faba60f6000 r-xp 00000000 08:07 5776774                    /usr/lib/x86_64-linux-gnu/libxshmfence.so.1.0.0
7faba60f6000-7faba62f6000 ---p 00001000 08:07 5776774                    /usr/lib/x86_64-linux-gnu/libxshmfence.so.1.0.0
7faba62f6000-7faba62f7000 r--p 00001000 08:07 5776774                    /usr/lib/x86_64-linux-gnu/libxshmfence.so.1.0.0
7faba62f7000-7faba62f8000 rw-p 00002000 08:07 5776774                    /usr/lib/x86_64-linux-gnu/libxshmfence.so.1.0.0
7faba62f8000-7faba62fd000 r-xp 00000000 08:07 5776756                    /usr/lib/x86_64-linux-gnu/libxcb-sync.so.1.0.0
7faba62fd000-7faba64fd000 ---p 00005000 08:07 5776756                    /usr/lib/x86_64-linux-gnu/libxcb-sync.so.1.0.0
7faba64fd000-7faba64fe000 r--p 00005000 08:07 5776756                    /usr/lib/x86_64-linux-gnu/libxcb-sync.so.1.0.0
7faba64fe000-7faba64ff000 rw-p 00006000 08:07 5776756                    /usr/lib/x86_64-linux-gnu/libxcb-sync.so.1.0.0
7faba64ff000-7faba6501000 r-xp 00000000 08:07 5776744                    /usr/lib/x86_64-linux-gnu/libxcb-present.so.0.0.0
7faba6501000-7faba6700000 ---p 00002000 08:07 5776744                    /usr/lib/x86_64-linux-gnu/libxcb-present.so.0.0.0
7faba6700000-7faba6701000 r--p 00001000 08:07 5776744                    /usr/lib/x86_64-linux-gnu/libxcb-present.so.0.0.0
7faba6701000-7faba6702000 rw-p 00002000 08:07 5776744                    /usr/lib/x86_64-linux-gnu/libxcb-present.so.0.0.0
7faba6702000-7faba6704000 r-xp 00000000 08:07 5776734                    /usr/lib/x86_64-linux-gnu/libxcb-dri3.so.0.0.0
7faba6704000-7faba6903000 ---p 00002000 08:07 5776734                    /usr/lib/x86_64-linux-gnu/libxcb-dri3.so.0.0.0
7faba6903000-7faba6904000 r--p 00001000 08:07 5776734                    /usr/lib/x86_64-linux-gnu/libxcb-dri3.so.0.0.0
7faba6904000-7faba6905000 rw-p 00002000 08:07 5776734                    /usr/lib/x86_64-linux-gnu/libxcb-dri3.so.0.0.0
7faba6905000-7faba6909000 r-xp 00000000 08:07 5776732                    /usr/lib/x86_64-linux-gnu/libxcb-dri2.so.0.0.0
7faba6909000-7faba6b08000 ---p 00004000 08:07 5776732                    /usr/lib/x86_64-linux-gnu/libxcb-dri2.so.0.0.0
7faba6b08000-7faba6b09000 r--p 00003000 08:07 5776732                    /usr/lib/x86_64-linux-gnu/libxcb-dri2.so.0.0.0
7faba6b09000-7faba6b0a000 rw-p 00004000 08:07 5776732                    /usr/lib/x86_64-linux-gnu/libxcb-dri2.so.0.0.0
7faba6b0a000-7faba6b21000 r-xp 00000000 08:07 5776736                    /usr/lib/x86_64-linux-gnu/libxcb-glx.so.0.0.0
7faba6b21000-7faba6d20000 ---p 00017000 08:07 5776736                    /usr/lib/x86_64-linux-gnu/libxcb-glx.so.0.0.0
7faba6d20000-7faba6d22000 r--p 00016000 08:07 5776736                    /usr/lib/x86_64-linux-gnu/libxcb-glx.so.0.0.0
7faba6d22000-7faba6d23000 rw-p 00018000 08:07 5776736                    /usr/lib/x86_64-linux-gnu/libxcb-glx.so.0.0.0
7faba6d23000-7faba6d24000 r-xp 00000000 08:07 5775564                    /usr/lib/x86_64-linux-gnu/libX11-xcb.so.1.0.0
7faba6d24000-7faba6f23000 ---p 00001000 08:07 5775564                    /usr/lib/x86_64-linux-gnu/libX11-xcb.so.1.0.0
7faba6f23000-7faba6f24000 r--p 00000000 08:07 5775564                    /usr/lib/x86_64-linux-gnu/libX11-xcb.so.1.0.0
7faba6f24000-7faba6f25000 rw-p 00001000 08:07 5775564                    /usr/lib/x86_64-linux-gnu/libX11-xcb.so.1.0.0
7faba6f25000-7faba6f4e000 r-xp 00000000 08:07 5776000                    /usr/lib/x86_64-linux-gnu/libglapi.so.0.0.0
7faba6f4e000-7faba714d000 ---p 00029000 08:07 5776000                    /usr/lib/x86_64-linux-gnu/libglapi.so.0.0.0
7faba714d000-7faba7151000 r--p 00028000 08:07 5776000                    /usr/lib/x86_64-linux-gnu/libglapi.so.0.0.0
7faba7151000-7faba7152000 rw-p 0002c000 08:07 5776000                    /usr/lib/x86_64-linux-gnu/libglapi.so.0.0.0
7faba7152000-7faba7153000 rw-p 00000000 00:00 0 
7faba7153000-7faba71e7000 r-xp 00000000 08:07 6162761                    /usr/lib/x86_64-linux-gnu/mesa/libGL.so.1.2.0
7faba71e7000-7faba73e6000 ---p 00094000 08:07 6162761                    /usr/lib/x86_64-linux-gnu/mesa/libGL.so.1.2.0
7faba73e6000-7faba73e9000 r--p 00093000 08:07 6162761                    /usr/lib/x86_64-linux-gnu/mesa/libGL.so.1.2.0
7faba73e9000-7faba73ea000 rw-p 00096000 08:07 6162761                    /usr/lib/x86_64-linux-gnu/mesa/libGL.so.1.2.0
7faba73ea000-7faba73eb000 rw-p 00000000 00:00 0 
7faba73eb000-7faba73f2000 r-xp 00000000 08:07 22545678                   /tmp/jogamp_0000/file_cache/jln9143020483024532812/jln3586312741278176014/libnativewindow_x11.so
7faba73f2000-7faba75f1000 ---p 00007000 08:07 22545678                   /tmp/jogamp_0000/file_cache/jln9143020483024532812/jln3586312741278176014/libnativewindow_x11.so
7faba75f1000-7faba75f2000 rw-p 00006000 08:07 22545678                   /tmp/jogamp_0000/file_cache/jln9143020483024532812/jln3586312741278176014/libnativewindow_x11.so
7faba75f2000-7faba75f7000 r-xp 00000000 08:07 5775619                    /usr/lib/x86_64-linux-gnu/libXxf86vm.so.1.0.0
7faba75f7000-7faba77f6000 ---p 00005000 08:07 5775619                    /usr/lib/x86_64-linux-gnu/libXxf86vm.so.1.0.0
7faba77f6000-7faba77f7000 r--p 00004000 08:07 5775619                    /usr/lib/x86_64-linux-gnu/libXxf86vm.so.1.0.0
7faba77f7000-7faba77f8000 rw-p 00005000 08:07 5775619                    /usr/lib/x86_64-linux-gnu/libXxf86vm.so.1.0.0
7faba77f8000-7faba77fa000 r-xp 00000000 08:07 22545677                   /tmp/jogamp_0000/file_cache/jln9143020483024532812/jln3586312741278176014/libnativewindow_awt.so
7faba77fa000-7faba79f9000 ---p 00002000 08:07 22545677                   /tmp/jogamp_0000/file_cache/jln9143020483024532812/jln3586312741278176014/libnativewindow_awt.so
7faba79f9000-7faba79fa000 rw-p 00001000 08:07 22545677                   /tmp/jogamp_0000/file_cache/jln9143020483024532812/jln3586312741278176014/libnativewindow_awt.so
7faba79fa000-7faba79fb000 r-xp 00000000 08:07 6818609                    /usr/lib/jvm/java-7-openjdk-amd64/jre/lib/amd64/libjawt.so
7faba79fb000-7faba7bfa000 ---p 00001000 08:07 6818609                    /usr/lib/jvm/java-7-openjdk-amd64/jre/lib/amd64/libjawt.so
7faba7bfa000-7faba7bfb000 r--p 00000000 08:07 6818609                    /usr/lib/jvm/java-7-openjdk-amd64/jre/lib/amd64/libjawt.so
7faba7bfb000-7faba7bfc000 rw-p 00001000 08:07 6818609                    /usr/lib/jvm/java-7-openjdk-amd64/jre/lib/amd64/libjawt.so
7faba7bfc000-7faba7bfe000 r-xp 00000000 08:07 22545579                   /tmp/jogamp_0000/file_cache/jln9143020483024532812/jln3586312741278176014/libgluegen-rt.so
7faba7bfe000-7faba7dfd000 ---p 00002000 08:07 22545579                   /tmp/jogamp_0000/file_cache/jln9143020483024532812/jln3586312741278176014/libgluegen-rt.so
7faba7dfd000-7faba7dfe000 rw-p 00001000 08:07 22545579                   /tmp/jogamp_0000/file_cache/jln9143020483024532812/jln3586312741278176014/libgluegen-rt.so
7faba7dfe000-7faba7e01000 ---p 00000000 00:00 0 
7faba7e01000-7faba7eff000 rw-p 00000000 00:00 0 
7faba7eff000-7faba7f02000 ---p 00000000 00:00 0 
7faba7f02000-7faba8000000 rw-p 00000000 00:00 0 
7faba8000000-7faba8021000 rw-p 00000000 00:00 0 
7faba8021000-7fabac000000 ---p 00000000 00:00 0 
7fabac000000-7fabac042000 rw-p 00000000 00:00 0 
7fabac042000-7fabb0000000 ---p 00000000 00:00 0 
7fabb0000000-7fabb0021000 rw-p 00000000 00:00 0 
7fabb0021000-7fabb4000000 ---p 00000000 00:00 0 
7fabb4000000-7fabb4021000 rw-p 00000000 00:00 0 
7fabb4021000-7fabb8000000 ---p 00000000 00:00 0 
7fabb8000000-7fabb8021000 rw-p 00000000 00:00 0 
7fabb8021000-7fabbc000000 ---p 00000000 00:00 0 
7fabbc017000-7fabbc01f000 rw-s 00000000 00:05 94671                      /drm mm object (deleted)
7fabbc01f000-7fabbc027000 rw-s 00000000 00:05 94646                      /drm mm object (deleted)
7fabbc027000-7fabbc044000 r-xp 00000000 08:07 25432408                   /lib/x86_64-linux-gnu/libudev.so.1.6.4
7fabbc044000-7fabbc045000 r--p 0001c000 08:07 25432408                   /lib/x86_64-linux-gnu/libudev.so.1.6.4
7fabbc045000-7fabbc046000 rw-p 0001d000 08:07 25432408                   /lib/x86_64-linux-gnu/libudev.so.1.6.4
7fabbc046000-7fabbc049000 ---p 00000000 00:00 0 
7fabbc049000-7fabbc147000 rw-p 00000000 00:00 0 
7fabbc147000-7fabbc158000 r-xp 00000000 08:07 6818617                    /usr/lib/jvm/java-7-openjdk-amd64/jre/lib/amd64/libnio.so
7fabbc158000-7fabbc357000 ---p 00011000 08:07 6818617                    /usr/lib/jvm/java-7-openjdk-amd64/jre/lib/amd64/libnio.so
7fabbc357000-7fabbc358000 r--p 00010000 08:07 6818617                    /usr/lib/jvm/java-7-openjdk-amd64/jre/lib/amd64/libnio.so
7fabbc358000-7fabbc359000 rw-p 00011000 08:07 6818617                    /usr/lib/jvm/java-7-openjdk-amd64/jre/lib/amd64/libnio.so
7fabbc359000-7fabbc3ab000 r-xp 00000000 08:07 6818595                    /usr/lib/jvm/java-7-openjdk-amd64/jre/lib/amd64/libfontmanager.so
7fabbc3ab000-7fabbc5ab000 ---p 00052000 08:07 6818595                    /usr/lib/jvm/java-7-openjdk-amd64/jre/lib/amd64/libfontmanager.so
7fabbc5ab000-7fabbc5ad000 r--p 00052000 08:07 6818595                    /usr/lib/jvm/java-7-openjdk-amd64/jre/lib/amd64/libfontmanager.so
7fabbc5ad000-7fabbc5ae000 rw-p 00054000 08:07 6818595                    /usr/lib/jvm/java-7-openjdk-amd64/jre/lib/amd64/libfontmanager.so
7fabbc5ae000-7fabbc5b1000 ---p 00000000 00:00 0 
7fabbc5b1000-7fabbc6af000 rw-p 00000000 00:00 0 
7fabbc6af000-7fabbc6b2000 ---p 00000000 00:00 0 
7fabbc6b2000-7fabbc7b0000 rw-p 00000000 00:00 0 
7fabbc7b0000-7fabbc7b3000 ---p 00000000 00:00 0 
7fabbc7b3000-7fabbcfb1000 rw-p 00000000 00:00 0 
7fabbcfb1000-7fabbcfb4000 ---p 00000000 00:00 0 
7fabbcfb4000-7fabbd0b2000 rw-p 00000000 00:00 0 
7fabbd0b2000-7fabbd0d5000 r-xp 00000000 08:07 5772890                    /usr/lib/x86_64-linux-gnu/libgraphite2.so.3.0.1
7fabbd0d5000-7fabbd2d4000 ---p 00023000 08:07 5772890                    /usr/lib/x86_64-linux-gnu/libgraphite2.so.3.0.1
7fabbd2d4000-7fabbd2d6000 r--p 00022000 08:07 5772890                    /usr/lib/x86_64-linux-gnu/libgraphite2.so.3.0.1
7fabbd2d6000-7fabbd2d7000 rw-p 00024000 08:07 5772890                    /usr/lib/x86_64-linux-gnu/libgraphite2.so.3.0.1
7fabbd2d7000-7fabbd2e9000 r-xp 00000000 08:07 25432440                   /lib/x86_64-linux-gnu/libgpg-error.so.0.15.0
7fabbd2e9000-7fabbd4e8000 ---p 00012000 08:07 25432440                   /lib/x86_64-linux-gnu/libgpg-error.so.0.15.0
7fabbd4e8000-7fabbd4e9000 r--p 00011000 08:07 25432440                   /lib/x86_64-linux-gnu/libgpg-error.so.0.15.0
7fabbd4e9000-7fabbd4ea000 rw-p 00012000 08:07 25432440                   /lib/x86_64-linux-gnu/libgpg-error.so.0.15.0
7fabbd4ea000-7fabbd4f0000 r-xp 00000000 08:07 5775798                    /usr/lib/x86_64-linux-gnu/libdatrie.so.1.3.2
7fabbd4f0000-7fabbd6ef000 ---p 00006000 08:07 5775798                    /usr/lib/x86_64-linux-gnu/libdatrie.so.1.3.2
7fabbd6ef000-7fabbd6f0000 r--p 00005000 08:07 5775798                    /usr/lib/x86_64-linux-gnu/libdatrie.so.1.3.2
7fabbd6f0000-7fabbd6f1000 rw-p 00006000 08:07 5775798                    /usr/lib/x86_64-linux-gnu/libdatrie.so.1.3.2
7fabbd6f1000-7fabbd74d000 r-xp 00000000 08:07 5776124                    /usr/lib/x86_64-linux-gnu/libharfbuzz.so.0.10000.1
7fabbd74d000-7fabbd94d000 ---p 0005c000 08:07 5776124                    /usr/lib/x86_64-linux-gnu/libharfbuzz.so.0.10000.1
7fabbd94d000-7fabbd94e000 r--p 0005c000 08:07 5776124                    /usr/lib/x86_64-linux-gnu/libharfbuzz.so.0.10000.1
7fabbd94e000-7fabbd94f000 rw-p 0005d000 08:07 5776124                    /usr/lib/x86_64-linux-gnu/libharfbuzz.so.0.10000.1
7fabbd94f000-7fabbda27000 r-xp 00000000 08:07 25432299                   /lib/x86_64-linux-gnu/libgcrypt.so.20.0.3
7fabbda27000-7fabbdc27000 ---p 000d8000 08:07 25432299                   /lib/x86_64-linux-gnu/libgcrypt.so.20.0.3
7fabbdc27000-7fabbdc28000 r--p 000d8000 08:07 25432299                   /lib/x86_64-linux-gnu/libgcrypt.so.20.0.3
7fabbdc28000-7fabbdc30000 rw-p 000d9000 08:07 25432299                   /lib/x86_64-linux-gnu/libgcrypt.so.20.0.3
7fabbdc30000-7fabbdc31000 rw-p 00000000 00:00 0 
7fabbdc31000-7fabbdc52000 r-xp 00000000 08:07 25432460                   /lib/x86_64-linux-gnu/liblzma.so.5.0.0
7fabbdc52000-7fabbde51000 ---p 00021000 08:07 25432460                   /lib/x86_64-linux-gnu/liblzma.so.5.0.0
7fabbde51000-7fabbde52000 r--p 00020000 08:07 25432460                   /lib/x86_64-linux-gnu/liblzma.so.5.0.0
7fabbde52000-7fabbde53000 rw-p 00021000 08:07 25432460                   /lib/x86_64-linux-gnu/liblzma.so.5.0.0
7fabbde53000-7fabbde5b000 r-xp 00000000 08:07 5776750                    /usr/lib/x86_64-linux-gnu/libxcb-render.so.0.0.0
7fabbde5b000-7fabbe05b000 ---p 00008000 08:07 5776750                    /usr/lib/x86_64-linux-gnu/libxcb-render.so.0.0.0
7fabbe05b000-7fabbe05c000 r--p 00008000 08:07 5776750                    /usr/lib/x86_64-linux-gnu/libxcb-render.so.0.0.0
7fabbe05c000-7fabbe05d000 rw-p 00009000 08:07 5776750                    /usr/lib/x86_64-linux-gnu/libxcb-render.so.0.0.0
7fabbe05d000-7fabbe05f000 r-xp 00000000 08:07 5776754                    /usr/lib/x86_64-linux-gnu/libxcb-shm.so.0.0.0
7fabbe05f000-7fabbe25f000 ---p 00002000 08:07 5776754                    /usr/lib/x86_64-linux-gnu/libxcb-shm.so.0.0.0
7fabbe25f000-7fabbe260000 r--p 00002000 08:07 5776754                    /usr/lib/x86_64-linux-gnu/libxcb-shm.so.0.0.0
7fabbe260000-7fabbe261000 rw-p 00003000 08:07 5776754                    /usr/lib/x86_64-linux-gnu/libxcb-shm.so.0.0.0
7fabbe261000-7fabbe306000 r-xp 00000000 08:07 5776370                    /usr/lib/x86_64-linux-gnu/libpixman-1.so.0.32.6
7fabbe306000-7fabbe505000 ---p 000a5000 08:07 5776370                    /usr/lib/x86_64-linux-gnu/libpixman-1.so.0.32.6
7fabbe505000-7fabbe50d000 r--p 000a4000 08:07 5776370                    /usr/lib/x86_64-linux-gnu/libpixman-1.so.0.32.6
7fabbe50d000-7fabbe50e000 rw-p 000ac000 08:07 5776370                    /usr/lib/x86_64-linux-gnu/libpixman-1.so.0.32.6
7fabbe50e000-7fabbe516000 r-xp 00000000 08:07 5776568                    /usr/lib/x86_64-linux-gnu/libthai.so.0.2.2
7fabbe516000-7fabbe715000 ---p 00008000 08:07 5776568                    /usr/lib/x86_64-linux-gnu/libthai.so.0.2.2
7fabbe715000-7fabbe716000 r--p 00007000 08:07 5776568                    /usr/lib/x86_64-linux-gnu/libthai.so.0.2.2
7fabbe716000-7fabbe717000 rw-p 00008000 08:07 5776568                    /usr/lib/x86_64-linux-gnu/libthai.so.0.2.2
7fabbe717000-7fabbe72b000 r-xp 00000000 08:07 5776347                    /usr/lib/x86_64-linux-gnu/libpangoft2-1.0.so.0.3600.8
7fabbe72b000-7fabbe92b000 ---p 00014000 08:07 5776347                    /usr/lib/x86_64-linux-gnu/libpangoft2-1.0.so.0.3600.8
7fabbe92b000-7fabbe92c000 r--p 00014000 08:07 5776347                    /usr/lib/x86_64-linux-gnu/libpangoft2-1.0.so.0.3600.8
7fabbe92c000-7fabbe92d000 rw-p 00015000 08:07 5776347                    /usr/lib/x86_64-linux-gnu/libpangoft2-1.0.so.0.3600.8
7fabbe92d000-7fabbea3b000 r-xp 00000000 08:07 5775715                    /usr/lib/x86_64-linux-gnu/libcairo.so.2.11400.2
7fabbea3b000-7fabbec3a000 ---p 0010e000 08:07 5775715                    /usr/lib/x86_64-linux-gnu/libcairo.so.2.11400.2
7fabbec3a000-7fabbec3d000 r--p 0010d000 08:07 5775715                    /usr/lib/x86_64-linux-gnu/libcairo.so.2.11400.2
7fabbec3d000-7fabbec3e000 rw-p 00110000 08:07 5775715                    /usr/lib/x86_64-linux-gnu/libcairo.so.2.11400.2
7fabbec3e000-7fabbec40000 rw-p 00000000 00:00 0 
7fabbec40000-7fabbec42000 r-xp 00000000 08:07 5775579                    /usr/lib/x86_64-linux-gnu/libXdamage.so.1.1.0
7fabbec42000-7fabbee41000 ---p 00002000 08:07 5775579                    /usr/lib/x86_64-linux-gnu/libXdamage.so.1.1.0
7fabbee41000-7fabbee42000 r--p 00001000 08:07 5775579                    /usr/lib/x86_64-linux-gnu/libXdamage.so.1.1.0
7fabbee42000-7fabbee43000 rw-p 00002000 08:07 5775579                    /usr/lib/x86_64-linux-gnu/libXdamage.so.1.1.0
7fabbee43000-7fabbee4d000 r-xp 00000000 08:07 5775601                    /usr/lib/x86_64-linux-gnu/libXrandr.so.2.2.0
7fabbee4d000-7fabbf04c000 ---p 0000a000 08:07 5775601                    /usr/lib/x86_64-linux-gnu/libXrandr.so.2.2.0
7fabbf04c000-7fabbf04d000 r--p 00009000 08:07 5775601                    /usr/lib/x86_64-linux-gnu/libXrandr.so.2.2.0
7fabbf04d000-7fabbf04e000 rw-p 0000a000 08:07 5775601                    /usr/lib/x86_64-linux-gnu/libXrandr.so.2.2.0
7fabbf04e000-7fabbf050000 r-xp 00000000 08:07 5775593                    /usr/lib/x86_64-linux-gnu/libXinerama.so.1.0.0
7fabbf050000-7fabbf24f000 ---p 00002000 08:07 5775593                    /usr/lib/x86_64-linux-gnu/libXinerama.so.1.0.0
7fabbf24f000-7fabbf250000 r--p 00001000 08:07 5775593                    /usr/lib/x86_64-linux-gnu/libXinerama.so.1.0.0
7fabbf250000-7fabbf251000 rw-p 00002000 08:07 5775593                    /usr/lib/x86_64-linux-gnu/libXinerama.so.1.0.0
7fabbf251000-7fabbf272000 r-xp 00000000 08:07 5775970                    /usr/lib/x86_64-linux-gnu/libgdk_pixbuf-2.0.so.0.3200.1
7fabbf272000-7fabbf471000 ---p 00021000 08:07 5775970                    /usr/lib/x86_64-linux-gnu/libgdk_pixbuf-2.0.so.0.3200.1
7fabbf471000-7fabbf472000 r--p 00020000 08:07 5775970                    /usr/lib/x86_64-linux-gnu/libgdk_pixbuf-2.0.so.0.3200.1
7fabbf472000-7fabbf473000 rw-p 00021000 08:07 5775970                    /usr/lib/x86_64-linux-gnu/libgdk_pixbuf-2.0.so.0.3200.1
7fabbf473000-7fabbf4be000 r-xp 00000000 08:07 5776343                    /usr/lib/x86_64-linux-gnu/libpango-1.0.so.0.3600.8
7fabbf4be000-7fabbf6be000 ---p 0004b000 08:07 5776343                    /usr/lib/x86_64-linux-gnu/libpango-1.0.so.0.3600.8
7fabbf6be000-7fabbf6c0000 r--p 0004b000 08:07 5776343                    /usr/lib/x86_64-linux-gnu/libpango-1.0.so.0.3600.8
7fabbf6c0000-7fabbf6c1000 rw-p 0004d000 08:07 5776343                    /usr/lib/x86_64-linux-gnu/libpango-1.0.so.0.3600.8
7fabbf6c1000-7fabbf6cd000 r-xp 00000000 08:07 5776345                    /usr/lib/x86_64-linux-gnu/libpangocairo-1.0.so.0.3600.8
7fabbf6cd000-7fabbf8cc000 ---p 0000c000 08:07 5776345                    /usr/lib/x86_64-linux-gnu/libpangocairo-1.0.so.0.3600.8
7fabbf8cc000-7fabbf8cd000 r--p 0000b000 08:07 5776345                    /usr/lib/x86_64-linux-gnu/libpangocairo-1.0.so.0.3600.8
7fabbf8cd000-7fabbf8ce000 rw-p 0000c000 08:07 5776345                    /usr/lib/x86_64-linux-gnu/libpangocairo-1.0.so.0.3600.8
7fabbf8ce000-7fabbf918000 r-xp 00000000 08:07 25432417                   /lib/x86_64-linux-gnu/libdbus-1.so.3.14.3
7fabbf918000-7fabbfb18000 ---p 0004a000 08:07 25432417                   /lib/x86_64-linux-gnu/libdbus-1.so.3.14.3
7fabbfb18000-7fabbfb19000 r--p 0004a000 08:07 25432417                   /lib/x86_64-linux-gnu/libdbus-1.so.3.14.3
7fabbfb19000-7fabbfb1a000 rw-p 0004b000 08:07 25432417                   /lib/x86_64-linux-gnu/libdbus-1.so.3.14.3
7fabbfb1a000-7fabbfb46000 r-xp 00000000 08:07 5775668                    /usr/lib/x86_64-linux-gnu/libatspi.so.0.0.1
7fabbfb46000-7fabbfd46000 ---p 0002c000 08:07 5775668                    /usr/lib/x86_64-linux-gnu/libatspi.so.0.0.1
7fabbfd46000-7fabbfd4a000 r--p 0002c000 08:07 5775668                    /usr/lib/x86_64-linux-gnu/libatspi.so.0.0.1
7fabbfd4a000-7fabbfd4b000 rw-p 00030000 08:07 5775668                    /usr/lib/x86_64-linux-gnu/libatspi.so.0.0.1
7fabbfd4b000-7fabbfdfb000 r-xp 00000000 08:07 5772867                    /usr/lib/x86_64-linux-gnu/libgdk-x11-2.0.so.0.2400.28
7fabbfdfb000-7fabbfffa000 ---p 000b0000 08:07 5772867                    /usr/lib/x86_64-linux-gnu/libgdk-x11-2.0.so.0.2400.28
7fabbfffa000-7fabbfffe000 r--p 000af000 08:07 5772867                    /usr/lib/x86_64-linux-gnu/libgdk-x11-2.0.so.0.2400.28
7fabbfffe000-7fabc0000000 rw-p 000b3000 08:07 5772867                    /usr/lib/x86_64-linux-gnu/libgdk-x11-2.0.so.0.2400.28
7fabc0000000-7fabc0021000 rw-p 00000000 00:00 0 
7fabc0021000-7fabc4000000 ---p 00000000 00:00 0 
7fabc4000000-7fabc4023000 rw-p 00000000 00:00 0 
7fabc4023000-7fabc8000000 ---p 00000000 00:00 0 
7fabc8000000-7fabc8021000 rw-p 00000000 00:00 0 
7fabc8021000-7fabcc000000 ---p 00000000 00:00 0 
7fabcc001000-7fabcc009000 rw-s 00000000 00:05 92442                      /drm mm object (deleted)
7fabcc009000-7fabcc011000 rw-s 00000000 00:05 93353                      /drm mm object (deleted)
7fabcc011000-7fabcc014000 ---p 00000000 00:00 0 
7fabcc014000-7fabcc112000 rw-p 00000000 00:00 0 
7fabcc112000-7fabcc13e000 r-xp 00000000 08:07 5775662                    /usr/lib/x86_64-linux-gnu/libatk-bridge-2.0.so.0.0.0
7fabcc13e000-7fabcc33e000 ---p 0002c000 08:07 5775662                    /usr/lib/x86_64-linux-gnu/libatk-bridge-2.0.so.0.0.0
7fabcc33e000-7fabcc33f000 r--p 0002c000 08:07 5775662                    /usr/lib/x86_64-linux-gnu/libatk-bridge-2.0.so.0.0.0
7fabcc33f000-7fabcc341000 rw-p 0002d000 08:07 5775662                    /usr/lib/x86_64-linux-gnu/libatk-bridge-2.0.so.0.0.0
7fabcc341000-7fabcc363000 r-xp 00000000 08:07 5775660                    /usr/lib/x86_64-linux-gnu/libatk-1.0.so.0.21609.1
7fabcc363000-7fabcc562000 ---p 00022000 08:07 5775660                    /usr/lib/x86_64-linux-gnu/libatk-1.0.so.0.21609.1
7fabcc562000-7fabcc565000 r--p 00021000 08:07 5775660                    /usr/lib/x86_64-linux-gnu/libatk-1.0.so.0.21609.1
7fabcc565000-7fabcc566000 rw-p 00024000 08:07 5775660                    /usr/lib/x86_64-linux-gnu/libatk-1.0.so.0.21609.1
7fabcc566000-7fabcc57c000 r-xp 00000000 08:07 6433307                    /usr/lib/x86_64-linux-gnu/jni/libatk-wrapper.so.6.0.0
7fabcc57c000-7fabcc77c000 ---p 00016000 08:07 6433307                    /usr/lib/x86_64-linux-gnu/jni/libatk-wrapper.so.6.0.0
7fabcc77c000-7fabcc77d000 r--p 00016000 08:07 6433307                    /usr/lib/x86_64-linux-gnu/jni/libatk-wrapper.so.6.0.0
7fabcc77d000-7fabcc77e000 rw-p 00017000 08:07 6433307                    /usr/lib/x86_64-linux-gnu/jni/libatk-wrapper.so.6.0.0
7fabcc77e000-7fabcc781000 ---p 00000000 00:00 0 
7fabcc781000-7fabcc87f000 rw-p 00000000 00:00 0 
7fabcc87f000-7fabcc884000 r-xp 00000000 08:07 5775585                    /usr/lib/x86_64-linux-gnu/libXfixes.so.3.1.0
7fabcc884000-7fabcca83000 ---p 00005000 08:07 5775585                    /usr/lib/x86_64-linux-gnu/libXfixes.so.3.1.0
7fabcca83000-7fabcca84000 r--p 00004000 08:07 5775585                    /usr/lib/x86_64-linux-gnu/libXfixes.so.3.1.0
7fabcca84000-7fabcca85000 rw-p 00005000 08:07 5775585                    /usr/lib/x86_64-linux-gnu/libXfixes.so.3.1.0
7fabcca85000-7fabcca8e000 r-xp 00000000 08:07 5775577                    /usr/lib/x86_64-linux-gnu/libXcursor.so.1.0.2
7fabcca8e000-7fabccc8d000 ---p 00009000 08:07 5775577                    /usr/lib/x86_64-linux-gnu/libXcursor.so.1.0.2
7fabccc8d000-7fabccc8e000 r--p 00008000 08:07 5775577                    /usr/lib/x86_64-linux-gnu/libXcursor.so.1.0.2
7fabccc8e000-7fabccc8f000 rw-p 00009000 08:07 5775577                    /usr/lib/x86_64-linux-gnu/libXcursor.so.1.0.2
7fabccc8f000-7fabccf90000 rw-p 00000000 00:00 0 
7fabccf90000-7fabccfa7000 r-xp 00000000 08:07 6818597                    /usr/lib/jvm/java-7-openjdk-amd64/jre/lib/amd64/libnet.so
7fabccfa7000-7fabcd1a7000 ---p 00017000 08:07 6818597                    /usr/lib/jvm/java-7-openjdk-amd64/jre/lib/amd64/libnet.so
7fabcd1a7000-7fabcd1a8000 r--p 00017000 08:07 6818597                    /usr/lib/jvm/java-7-openjdk-amd64/jre/lib/amd64/libnet.so
7fabcd1a8000-7fabcd1a9000 rw-p 00018000 08:07 6818597                    /usr/lib/jvm/java-7-openjdk-amd64/jre/lib/amd64/libnet.so
7fabcd1a9000-7fabcd215000 r-xp 00000000 08:07 25432380                   /lib/x86_64-linux-gnu/libpcre.so.3.13.1
7fabcd215000-7fabcd415000 ---p 0006c000 08:07 25432380                   /lib/x86_64-linux-gnu/libpcre.so.3.13.1
7fabcd415000-7fabcd416000 r--p 0006c000 08:07 25432380                   /lib/x86_64-linux-gnu/libpcre.so.3.13.1
7fabcd416000-7fabcd417000 rw-p 0006d000 08:07 25432380                   /lib/x86_64-linux-gnu/libpcre.so.3.13.1
7fabcd417000-7fabcd43c000 r-xp 00000000 08:07 25427987                   /lib/x86_64-linux-gnu/libpng12.so.0.51.0
7fabcd43c000-7fabcd63b000 ---p 00025000 08:07 25427987                   /lib/x86_64-linux-gnu/libpng12.so.0.51.0
7fabcd63b000-7fabcd63c000 r--p 00024000 08:07 25427987                   /lib/x86_64-linux-gnu/libpng12.so.0.51.0
7fabcd63c000-7fabcd63d000 rw-p 00025000 08:07 25427987                   /lib/x86_64-linux-gnu/libpng12.so.0.51.0
7fabcd63d000-7fabcd642000 r-xp 00000000 08:07 5775581                    /usr/lib/x86_64-linux-gnu/libXdmcp.so.6.0.0
7fabcd642000-7fabcd841000 ---p 00005000 08:07 5775581                    /usr/lib/x86_64-linux-gnu/libXdmcp.so.6.0.0
7fabcd841000-7fabcd842000 r--p 00004000 08:07 5775581                    /usr/lib/x86_64-linux-gnu/libXdmcp.so.6.0.0
7fabcd842000-7fabcd843000 rw-p 00005000 08:07 5775581                    /usr/lib/x86_64-linux-gnu/libXdmcp.so.6.0.0
7fabcd843000-7fabcd845000 r-xp 00000000 08:07 5775570                    /usr/lib/x86_64-linux-gnu/libXau.so.6.0.0
7fabcd845000-7fabcda45000 ---p 00002000 08:07 5775570                    /usr/lib/x86_64-linux-gnu/libXau.so.6.0.0
7fabcda45000-7fabcda46000 r--p 00002000 08:07 5775570                    /usr/lib/x86_64-linux-gnu/libXau.so.6.0.0
7fabcda46000-7fabcda47000 rw-p 00003000 08:07 5775570                    /usr/lib/x86_64-linux-gnu/libXau.so.6.0.0
7fabcda47000-7fabcda4e000 r-xp 00000000 08:07 5775889                    /usr/lib/x86_64-linux-gnu/libffi.so.6.0.4
7fabcda4e000-7fabcdc4d000 ---p 00007000 08:07 5775889                    /usr/lib/x86_64-linux-gnu/libffi.so.6.0.4
7fabcdc4d000-7fabcdc4e000 r--p 00006000 08:07 5775889                    /usr/lib/x86_64-linux-gnu/libffi.so.6.0.4
7fabcdc4e000-7fabcdc4f000 rw-p 00007000 08:07 5775889                    /usr/lib/x86_64-linux-gnu/libffi.so.6.0.4
7fabcdc4f000-7fabcdc66000 r-xp 00000000 08:07 25428074                   /lib/x86_64-linux-gnu/libresolv-2.21.so
7fabcdc66000-7fabcde66000 ---p 00017000 08:07 25428074                   /lib/x86_64-linux-gnu/libresolv-2.21.so
7fabcde66000-7fabcde67000 r--p 00017000 08:07 25428074                   /lib/x86_64-linux-gnu/libresolv-2.21.so
7fabcde67000-7fabcde68000 rw-p 00018000 08:07 25428074                   /lib/x86_64-linux-gnu/libresolv-2.21.so
7fabcde68000-7fabcde6a000 rw-p 00000000 00:00 0 
7fabcde6a000-7fabcde8b000 r-xp 00000000 08:07 25432549                   /lib/x86_64-linux-gnu/libselinux.so.1
7fabcde8b000-7fabce08a000 ---p 00021000 08:07 25432549                   /lib/x86_64-linux-gnu/libselinux.so.1
7fabce08a000-7fabce08b000 r--p 00020000 08:07 25432549                   /lib/x86_64-linux-gnu/libselinux.so.1
7fabce08b000-7fabce08c000 rw-p 00021000 08:07 25432549                   /lib/x86_64-linux-gnu/libselinux.so.1
7fabce08c000-7fabce08e000 rw-p 00000000 00:00 0 
7fabce08e000-7fabce19b000 r-xp 00000000 08:07 25429202                   /lib/x86_64-linux-gnu/libglib-2.0.so.0.4600.2
7fabce19b000-7fabce39a000 ---p 0010d000 08:07 25429202                   /lib/x86_64-linux-gnu/libglib-2.0.so.0.4600.2
7fabce39a000-7fabce39b000 r--p 0010c000 08:07 25429202                   /lib/x86_64-linux-gnu/libglib-2.0.so.0.4600.2
7fabce39b000-7fabce39c000 rw-p 0010d000 08:07 25429202                   /lib/x86_64-linux-gnu/libglib-2.0.so.0.4600.2
7fabce39c000-7fabce39d000 rw-p 00000000 00:00 0 
7fabce39d000-7fabce3a0000 r-xp 00000000 08:07 5767595                    /usr/lib/x86_64-linux-gnu/libgmodule-2.0.so.0.4600.2
7fabce3a0000-7fabce59f000 ---p 00003000 08:07 5767595                    /usr/lib/x86_64-linux-gnu/libgmodule-2.0.so.0.4600.2
7fabce59f000-7fabce5a0000 r--p 00002000 08:07 5767595                    /usr/lib/x86_64-linux-gnu/libgmodule-2.0.so.0.4600.2
7fabce5a0000-7fabce5a1000 rw-p 00003000 08:07 5767595                    /usr/lib/x86_64-linux-gnu/libgmodule-2.0.so.0.4600.2
7fabce5a1000-7fabce5c7000 r-xp 00000000 08:07 25427974                   /lib/x86_64-linux-gnu/libexpat.so.1.6.0
7fabce5c7000-7fabce7c7000 ---p 00026000 08:07 25427974                   /lib/x86_64-linux-gnu/libexpat.so.1.6.0
7fabce7c7000-7fabce7c9000 r--p 00026000 08:07 25427974                   /lib/x86_64-linux-gnu/libexpat.so.1.6.0
7fabce7c9000-7fabce7ca000 rw-p 00028000 08:07 25427974                   /lib/x86_64-linux-gnu/libexpat.so.1.6.0
7fabce7ca000-7fabce86a000 r-xp 00000000 08:07 5775935                    /usr/lib/x86_64-linux-gnu/libfreetype.so.6.11.1
7fabce86a000-7fabcea69000 ---p 000a0000 08:07 5775935                    /usr/lib/x86_64-linux-gnu/libfreetype.so.6.11.1
7fabcea69000-7fabcea6f000 r--p 0009f000 08:07 5775935                    /usr/lib/x86_64-linux-gnu/libfreetype.so.6.11.1
7fabcea6f000-7fabcea70000 rw-p 000a5000 08:07 5775935                    /usr/lib/x86_64-linux-gnu/libfreetype.so.6.11.1
7fabcea70000-7fabcea90000 r-xp 00000000 08:07 5776764                    /usr/lib/x86_64-linux-gnu/libxcb.so.1.1.0
7fabcea90000-7fabcec8f000 ---p 00020000 08:07 5776764                    /usr/lib/x86_64-linux-gnu/libxcb.so.1.1.0
7fabcec8f000-7fabcec90000 r--p 0001f000 08:07 5776764                    /usr/lib/x86_64-linux-gnu/libxcb.so.1.1.0
7fabcec90000-7fabcec91000 rw-p 00020000 08:07 5776764                    /usr/lib/x86_64-linux-gnu/libxcb.so.1.1.0
7fabcec91000-7fabcece3000 r-xp 00000000 08:07 5767594                    /usr/lib/x86_64-linux-gnu/libgobject-2.0.so.0.4600.2
7fabcece3000-7fabceee2000 ---p 00052000 08:07 5767594                    /usr/lib/x86_64-linux-gnu/libgobject-2.0.so.0.4600.2
7fabceee2000-7fabceee3000 r--p 00051000 08:07 5767594                    /usr/lib/x86_64-linux-gnu/libgobject-2.0.so.0.4600.2
7fabceee3000-7fabceee4000 rw-p 00052000 08:07 5767594                    /usr/lib/x86_64-linux-gnu/libgobject-2.0.so.0.4600.2
7fabceee4000-7fabcf05e000 r-xp 00000000 08:07 5767591                    /usr/lib/x86_64-linux-gnu/libgio-2.0.so.0.4600.2
7fabcf05e000-7fabcf25d000 ---p 0017a000 08:07 5767591                    /usr/lib/x86_64-linux-gnu/libgio-2.0.so.0.4600.2
7fabcf25d000-7fabcf261000 r--p 00179000 08:07 5767591                    /usr/lib/x86_64-linux-gnu/libgio-2.0.so.0.4600.2
7fabcf261000-7fabcf263000 rw-p 0017d000 08:07 5767591                    /usr/lib/x86_64-linux-gnu/libgio-2.0.so.0.4600.2
7fabcf263000-7fabcf265000 rw-p 00000000 00:00 0 
7fabcf265000-7fabcf2a1000 r-xp 00000000 08:07 5775903                    /usr/lib/x86_64-linux-gnu/libfontconfig.so.1.8.0
7fabcf2a1000-7fabcf4a0000 ---p 0003c000 08:07 5775903                    /usr/lib/x86_64-linux-gnu/libfontconfig.so.1.8.0
7fabcf4a0000-7fabcf4a2000 r--p 0003b000 08:07 5775903                    /usr/lib/x86_64-linux-gnu/libfontconfig.so.1.8.0
7fabcf4a2000-7fabcf4a3000 rw-p 0003d000 08:07 5775903                    /usr/lib/x86_64-linux-gnu/libfontconfig.so.1.8.0
7fabcf4a3000-7fabcf4b2000 r-xp 00000000 08:07 5775591                    /usr/lib/x86_64-linux-gnu/libXi.so.6.1.0
7fabcf4b2000-7fabcf6b1000 ---p 0000f000 08:07 5775591                    /usr/lib/x86_64-linux-gnu/libXi.so.6.1.0
7fabcf6b1000-7fabcf6b2000 r--p 0000e000 08:07 5775591                    /usr/lib/x86_64-linux-gnu/libXi.so.6.1.0
7fabcf6b2000-7fabcf6b3000 rw-p 0000f000 08:07 5775591                    /usr/lib/x86_64-linux-gnu/libXi.so.6.1.0
7fabcf6b3000-7fabcf6b8000 r-xp 00000000 08:07 5775609                    /usr/lib/x86_64-linux-gnu/libXtst.so.6.1.0
7fabcf6b8000-7fabcf8b7000 ---p 00005000 08:07 5775609                    /usr/lib/x86_64-linux-gnu/libXtst.so.6.1.0
7fabcf8b7000-7fabcf8b8000 r--p 00004000 08:07 5775609                    /usr/lib/x86_64-linux-gnu/libXtst.so.6.1.0
7fabcf8b8000-7fabcf8b9000 rw-p 00005000 08:07 5775609                    /usr/lib/x86_64-linux-gnu/libXtst.so.6.1.0
7fabcf8b9000-7fabcf8bb000 r-xp 00000000 08:07 5775575                    /usr/lib/x86_64-linux-gnu/libXcomposite.so.1.0.0
7fabcf8bb000-7fabcfaba000 ---p 00002000 08:07 5775575                    /usr/lib/x86_64-linux-gnu/libXcomposite.so.1.0.0
7fabcfaba000-7fabcfabb000 r--p 00001000 08:07 5775575                    /usr/lib/x86_64-linux-gnu/libXcomposite.so.1.0.0
7fabcfabb000-7fabcfabc000 rw-p 00002000 08:07 5775575                    /usr/lib/x86_64-linux-gnu/libXcomposite.so.1.0.0
7fabcfabc000-7fabcfac5000 r-xp 00000000 08:07 5775603                    /usr/lib/x86_64-linux-gnu/libXrender.so.1.3.0
7fabcfac5000-7fabcfcc4000 ---p 00009000 08:07 5775603                    /usr/lib/x86_64-linux-gnu/libXrender.so.1.3.0
7fabcfcc4000-7fabcfcc5000 r--p 00008000 08:07 5775603                    /usr/lib/x86_64-linux-gnu/libXrender.so.1.3.0
7fabcfcc5000-7fabcfcc6000 rw-p 00009000 08:07 5775603                    /usr/lib/x86_64-linux-gnu/libXrender.so.1.3.0
7fabcfcc6000-7fabcfdfb000 r-xp 00000000 08:07 5775566                    /usr/lib/x86_64-linux-gnu/libX11.so.6.3.0
7fabcfdfb000-7fabcfffb000 ---p 00135000 08:07 5775566                    /usr/lib/x86_64-linux-gnu/libX11.so.6.3.0
7fabcfffb000-7fabcfffc000 r--p 00135000 08:07 5775566                    /usr/lib/x86_64-linux-gnu/libX11.so.6.3.0
7fabcfffc000-7fabd0000000 rw-p 00136000 08:07 5775566                    /usr/lib/x86_64-linux-gnu/libX11.so.6.3.0
7fabd0000000-7fabd0021000 rw-p 00000000 00:00 0 
7fabd0021000-7fabd4000000 ---p 00000000 00:00 0 
7fabd4000000-7fabd4021000 rw-p 00000000 00:00 0 
7fabd4021000-7fabd8000000 ---p 00000000 00:00 0 
7fabd8000000-7fabd84a9000 rw-p 00000000 00:00 0 
7fabd84a9000-7fabdc000000 ---p 00000000 00:00 0 
7fabdc000000-7fabdc6f9000 rw-p 00000000 00:00 0 
7fabdc6f9000-7fabe0000000 ---p 00000000 00:00 0 
7fabe0000000-7fabe0021000 rw-p 00000000 00:00 0 
7fabe0021000-7fabe4000000 ---p 00000000 00:00 0 
7fabe4000000-7fabe4021000 rw-p 00000000 00:00 0 
7fabe4021000-7fabe8000000 ---p 00000000 00:00 0 
7fabe8000000-7fabe8021000 rw-p 00000000 00:00 0 
7fabe8021000-7fabec000000 ---p 00000000 00:00 0 
7fabec000000-7fabec021000 rw-p 00000000 00:00 0 
7fabec021000-7fabf0000000 ---p 00000000 00:00 0 
7fabf0000000-7fabf0021000 rw-p 00000000 00:00 0 
7fabf0021000-7fabf4000000 ---p 00000000 00:00 0 
7fabf4000000-7fabf4021000 rw-p 00000000 00:00 0 
7fabf4021000-7fabf8000000 ---p 00000000 00:00 0 
7fabf8000000-7fabf8021000 rw-p 00000000 00:00 0 
7fabf8021000-7fabfc000000 ---p 00000000 00:00 0 
7fabfc001000-7fabfc07e000 r-xp 00000000 08:07 25429191                   /lib/x86_64-linux-gnu/libsystemd.so.0.10.2
7fabfc07e000-7fabfc081000 r--p 0007c000 08:07 25429191                   /lib/x86_64-linux-gnu/libsystemd.so.0.10.2
7fabfc081000-7fabfc082000 rw-p 0007f000 08:07 25429191                   /lib/x86_64-linux-gnu/libsystemd.so.0.10.2
7fabfc082000-7fabfc085000 ---p 00000000 00:00 0 
7fabfc085000-7fabfc183000 rw-p 00000000 00:00 0 
7fabfc183000-7fabfc194000 r-xp 00000000 08:07 5775583                    /usr/lib/x86_64-linux-gnu/libXext.so.6.4.0
7fabfc194000-7fabfc393000 ---p 00011000 08:07 5775583                    /usr/lib/x86_64-linux-gnu/libXext.so.6.4.0
7fabfc393000-7fabfc394000 r--p 00010000 08:07 5775583                    /usr/lib/x86_64-linux-gnu/libXext.so.6.4.0
7fabfc394000-7fabfc395000 rw-p 00011000 08:07 5775583                    /usr/lib/x86_64-linux-gnu/libXext.so.6.4.0
7fabfc395000-7fabfc3de000 r-xp 00000000 08:07 7095297                    /usr/lib/jvm/java-7-openjdk-amd64/jre/lib/amd64/xawt/libmawt.so
7fabfc3de000-7fabfc5dd000 ---p 00049000 08:07 7095297                    /usr/lib/jvm/java-7-openjdk-amd64/jre/lib/amd64/xawt/libmawt.so
7fabfc5dd000-7fabfc5de000 r--p 00048000 08:07 7095297                    /usr/lib/jvm/java-7-openjdk-amd64/jre/lib/amd64/xawt/libmawt.so
7fabfc5de000-7fabfc5e1000 rw-p 00049000 08:07 7095297                    /usr/lib/jvm/java-7-openjdk-amd64/jre/lib/amd64/xawt/libmawt.so
7fabfc5e1000-7fabfc5e2000 rw-p 00000000 00:00 0 
7fabfc5e2000-7fabfc681000 r-xp 00000000 08:07 6818594                    /usr/lib/jvm/java-7-openjdk-amd64/jre/lib/amd64/libawt.so
7fabfc681000-7fabfc880000 ---p 0009f000 08:07 6818594                    /usr/lib/jvm/java-7-openjdk-amd64/jre/lib/amd64/libawt.so
7fabfc880000-7fabfc881000 r--p 0009e000 08:07 6818594                    /usr/lib/jvm/java-7-openjdk-amd64/jre/lib/amd64/libawt.so
7fabfc881000-7fabfc88c000 rw-p 0009f000 08:07 6818594                    /usr/lib/jvm/java-7-openjdk-amd64/jre/lib/amd64/libawt.so
7fabfc88c000-7fabfc8b1000 rw-p 00000000 00:00 0 
7fabfc8b1000-7fabfc8b2000 ---p 00000000 00:00 0 
7fabfc8b2000-7fabfc9b2000 rw-p 00000000 00:00 0 
7fabfc9b2000-7fabfc9b5000 ---p 00000000 00:00 0 
7fabfc9b5000-7fabfcab3000 rw-p 00000000 00:00 0 
7fabfcab3000-7fabfcab6000 ---p 00000000 00:00 0 
7fabfcab6000-7fabfcbb4000 rw-p 00000000 00:00 0 
7fabfcbb4000-7fabfcbb7000 ---p 00000000 00:00 0 
7fabfcbb7000-7fabfccb5000 rw-p 00000000 00:00 0 
7fabfccb5000-7fabfccb8000 ---p 00000000 00:00 0 
7fabfccb8000-7fabfcdb6000 rw-p 00000000 00:00 0 
7fabfcdb6000-7fabfd498000 r--p 00000000 08:07 5774438                    /usr/lib/locale/locale-archive
7fabfd498000-7fabfd49b000 ---p 00000000 00:00 0 
7fabfd49b000-7fabfd599000 rw-p 00000000 00:00 0 
7fabfd599000-7fabfd59c000 ---p 00000000 00:00 0 
7fabfd59c000-7fabfd69a000 rw-p 00000000 00:00 0 
7fabfd69a000-7fabfd69b000 ---p 00000000 00:00 0 
7fabfd69b000-7fac00000000 rw-p 00000000 00:00 0 
7fac00000000-7fac00021000 rw-p 00000000 00:00 0 
7fac00021000-7fac04000000 ---p 00000000 00:00 0 
7fac04006000-7fac04007000 rw-p 00000000 00:00 0 
7fac04007000-7fac0400f000 rw-s 00000000 00:05 92088                      /drm mm object (deleted)
7fac0400f000-7fac04010000 rw-s 101eb8000 00:06 282                       /dev/dri/card0
7fac04010000-7fac04018000 rw-s 00000000 00:05 92417                      /drm mm object (deleted)
7fac04018000-7fac04020000 rw-s 00000000 00:05 93328                      /drm mm object (deleted)
7fac04020000-7fac04021000 rwxp 00000000 00:00 0 
7fac04021000-7fac04029000 rw-s 00000000 00:05 92406                      /drm mm object (deleted)
7fac04029000-7fac04031000 rw-s 00000000 00:05 93316                      /drm mm object (deleted)
7fac04031000-7fac04032000 rw-s 00000000 00:05 93313                      /drm mm object (deleted)
7fac04032000-7fac04033000 rw-s 101eb7000 00:06 282                       /dev/dri/card0
7fac04033000-7fac0403b000 rw-s 00000000 00:05 93311                      /drm mm object (deleted)
7fac0403b000-7fac0403c000 r--s 0002f000 08:03 170321                     /media/bharti/New Volume1/java_course/course1/UCSDUnfoldingMaps/lib/jogl-all-natives-linux-amd64.jar
7fac0403c000-7fac0403e000 r--s 00000000 08:03 170300                     /media/bharti/New Volume1/java_course/course1/UCSDUnfoldingMaps/lib/gluegen-rt-natives-linux-amd64.jar
7fac0403e000-7fac04042000 r--s 0004f000 08:07 6818629                    /usr/lib/jvm/java-7-openjdk-amd64/jre/lib/jsse.jar
7fac04042000-7fac04045000 ---p 00000000 00:00 0 
7fac04045000-7fac0407b000 rw-p 00000000 00:00 0 
7fac0407b000-7fac04085000 r--s 000ae000 08:07 6818620                    /usr/lib/jvm/java-7-openjdk-amd64/jre/lib/resources.jar
7fac04085000-7fac0408b000 r--s 00033000 08:03 170344                     /media/bharti/New Volume1/java_course/course1/UCSDUnfoldingMaps/lib/unfolding.0.9.7-uscd.jar
7fac0408b000-7fac04090000 r--s 00309000 08:03 170343                     /media/bharti/New Volume1/java_course/course1/UCSDUnfoldingMaps/lib/sqlite-jdbc-3.7.2.jar
7fac04090000-7fac04097000 r--s 00059000 08:03 170342                     /media/bharti/New Volume1/java_course/course1/UCSDUnfoldingMaps/lib/log4j-1.2.15.jar
7fac04097000-7fac040ba000 r--s 002ec000 08:03 170335                     /media/bharti/New Volume1/java_course/course1/UCSDUnfoldingMaps/lib/jogl-all.jar
7fac040ba000-7fac040c0000 r--s 00041000 08:03 170318                     /media/bharti/New Volume1/java_course/course1/UCSDUnfoldingMaps/lib/gluegen-rt.jar
7fac040c0000-7fac040c4000 r--s 0009a000 08:03 170299                     /media/bharti/New Volume1/java_course/course1/UCSDUnfoldingMaps/lib/core.jar
7fac040c4000-7fac040c7000 r--s 0000f000 08:07 7095293                    /usr/lib/jvm/java-7-openjdk-amd64/jre/lib/ext/icedtea-sound.jar
7fac040c7000-7fac040cb000 r--s 0003c000 08:07 7095295                    /usr/lib/jvm/java-7-openjdk-amd64/jre/lib/ext/sunpkcs11.jar
7fac040cb000-7fac04ba2000 rw-p 00000000 00:00 0 
7fac04ba2000-7fac04d54000 r--s 01d32000 08:07 6818623                    /usr/lib/jvm/java-7-openjdk-amd64/jre/lib/rt.jar
7fac04d54000-7fac05000000 rw-p 00000000 00:00 0 
7fac05000000-7fac05270000 rwxp 00000000 00:00 0 
7fac05270000-7fac0829f000 rw-p 00000000 00:00 0 
7fac0829f000-7fac0c000000 ---p 00000000 00:00 0 
7fac0c000000-7fac0c001000 r--p 00000000 00:00 0 
7fac0c001000-7fac0c005000 r--s 00034000 08:07 7095292                    /usr/lib/jvm/java-7-openjdk-amd64/jre/lib/ext/sunjce_provider.jar
7fac0c005000-7fac0c0a9000 rw-p 00000000 00:00 0 
7fac0c0a9000-7fac0c0aa000 ---p 00000000 00:00 0 
7fac0c0aa000-7fac0c1aa000 rw-p 00000000 00:00 0 
7fac0c1aa000-7fac0c1ab000 ---p 00000000 00:00 0 
7fac0c1ab000-7fac0c2ab000 rw-p 00000000 00:00 0 
7fac0c2ab000-7fac0c2ac000 ---p 00000000 00:00 0 
7fac0c2ac000-7fac0c3ac000 rw-p 00000000 00:00 0 
7fac0c3ac000-7fac0c3ad000 ---p 00000000 00:00 0 
7fac0c3ad000-7fac0c4c0000 rw-p 00000000 00:00 0 
7fac0c4c0000-7fac0c500000 rw-p 00000000 00:00 0 
7fac0c500000-7fac0c521000 rw-p 00000000 00:00 0 
7fac0c521000-7fac0c642000 rw-p 00000000 00:00 0 
7fac0c642000-7fac0c655000 rw-p 00000000 00:00 0 
7fac0c655000-7fac0c695000 rw-p 00000000 00:00 0 
7fac0c695000-7fac0c6b6000 rw-p 00000000 00:00 0 
7fac0c6b6000-7fac0c7d7000 rw-p 00000000 00:00 0 
7fac0c7d7000-7fac0c81f000 rw-p 00000000 00:00 0 
7fac0c81f000-7fac0c878000 rw-p 00000000 00:00 0 
7fac0c878000-7fac0c879000 rw-p 00000000 00:00 0 
7fac0c879000-7fac0c881000 r-xp 00000000 08:07 6818603                    /usr/lib/jvm/java-7-openjdk-amd64/jre/lib/amd64/libzip.so
7fac0c881000-7fac0ca80000 ---p 00008000 08:07 6818603                    /usr/lib/jvm/java-7-openjdk-amd64/jre/lib/amd64/libzip.so
7fac0ca80000-7fac0ca81000 r--p 00007000 08:07 6818603                    /usr/lib/jvm/java-7-openjdk-amd64/jre/lib/amd64/libzip.so
7fac0ca81000-7fac0ca82000 rw-p 00008000 08:07 6818603                    /usr/lib/jvm/java-7-openjdk-amd64/jre/lib/amd64/libzip.so
7fac0ca82000-7fac0ca8c000 r-xp 00000000 08:07 25428062                   /lib/x86_64-linux-gnu/libnss_files-2.21.so
7fac0ca8c000-7fac0cc8c000 ---p 0000a000 08:07 25428062                   /lib/x86_64-linux-gnu/libnss_files-2.21.so
7fac0cc8c000-7fac0cc8d000 r--p 0000a000 08:07 25428062                   /lib/x86_64-linux-gnu/libnss_files-2.21.so
7fac0cc8d000-7fac0cc8e000 rw-p 0000b000 08:07 25428062                   /lib/x86_64-linux-gnu/libnss_files-2.21.so
7fac0cc8e000-7fac0cc99000 r-xp 00000000 08:07 25432296                   /lib/x86_64-linux-gnu/libnss_nis-2.21.so
7fac0cc99000-7fac0ce98000 ---p 0000b000 08:07 25432296                   /lib/x86_64-linux-gnu/libnss_nis-2.21.so
7fac0ce98000-7fac0ce99000 r--p 0000a000 08:07 25432296                   /lib/x86_64-linux-gnu/libnss_nis-2.21.so
7fac0ce99000-7fac0ce9a000 rw-p 0000b000 08:07 25432296                   /lib/x86_64-linux-gnu/libnss_nis-2.21.so
7fac0ce9a000-7fac0ceb1000 r-xp 00000000 08:07 25432418                   /lib/x86_64-linux-gnu/libnsl-2.21.so
7fac0ceb1000-7fac0d0b0000 ---p 00017000 08:07 25432418                   /lib/x86_64-linux-gnu/libnsl-2.21.so
7fac0d0b0000-7fac0d0b1000 r--p 00016000 08:07 25432418                   /lib/x86_64-linux-gnu/libnsl-2.21.so
7fac0d0b1000-7fac0d0b2000 rw-p 00017000 08:07 25432418                   /lib/x86_64-linux-gnu/libnsl-2.21.so
7fac0d0b2000-7fac0d0b4000 rw-p 00000000 00:00 0 
7fac0d0b4000-7fac0d0bc000 r-xp 00000000 08:07 25428064                   /lib/x86_64-linux-gnu/libnss_compat-2.21.so
7fac0d0bc000-7fac0d2bb000 ---p 00008000 08:07 25428064                   /lib/x86_64-linux-gnu/libnss_compat-2.21.so
7fac0d2bb000-7fac0d2bc000 r--p 00007000 08:07 25428064                   /lib/x86_64-linux-gnu/libnss_compat-2.21.so
7fac0d2bc000-7fac0d2bd000 rw-p 00008000 08:07 25428064                   /lib/x86_64-linux-gnu/libnss_compat-2.21.so
7fac0d2bd000-7fac0d2e9000 r-xp 00000000 08:07 6818588                    /usr/lib/jvm/java-7-openjdk-amd64/jre/lib/amd64/libjava.so
7fac0d2e9000-7fac0d4e8000 ---p 0002c000 08:07 6818588                    /usr/lib/jvm/java-7-openjdk-amd64/jre/lib/amd64/libjava.so
7fac0d4e8000-7fac0d4e9000 r--p 0002b000 08:07 6818588                    /usr/lib/jvm/java-7-openjdk-amd64/jre/lib/amd64/libjava.so
7fac0d4e9000-7fac0d4eb000 rw-p 0002c000 08:07 6818588                    /usr/lib/jvm/java-7-openjdk-amd64/jre/lib/amd64/libjava.so
7fac0d4eb000-7fac0d4fa000 r-xp 00000000 08:07 6818589                    /usr/lib/jvm/java-7-openjdk-amd64/jre/lib/amd64/libverify.so
7fac0d4fa000-7fac0d6f9000 ---p 0000f000 08:07 6818589                    /usr/lib/jvm/java-7-openjdk-amd64/jre/lib/amd64/libverify.so
7fac0d6f9000-7fac0d6fb000 r--p 0000e000 08:07 6818589                    /usr/lib/jvm/java-7-openjdk-amd64/jre/lib/amd64/libverify.so
7fac0d6fb000-7fac0d6fc000 rw-p 00010000 08:07 6818589                    /usr/lib/jvm/java-7-openjdk-amd64/jre/lib/amd64/libverify.so
7fac0d6fc000-7fac0d703000 r-xp 00000000 08:07 25428063                   /lib/x86_64-linux-gnu/librt-2.21.so
7fac0d703000-7fac0d902000 ---p 00007000 08:07 25428063                   /lib/x86_64-linux-gnu/librt-2.21.so
7fac0d902000-7fac0d903000 r--p 00006000 08:07 25428063                   /lib/x86_64-linux-gnu/librt-2.21.so
7fac0d903000-7fac0d904000 rw-p 00007000 08:07 25428063                   /lib/x86_64-linux-gnu/librt-2.21.so
7fac0d904000-7fac0d91a000 r-xp 00000000 08:07 25432434                   /lib/x86_64-linux-gnu/libgcc_s.so.1
7fac0d91a000-7fac0db19000 ---p 00016000 08:07 25432434                   /lib/x86_64-linux-gnu/libgcc_s.so.1
7fac0db19000-7fac0db1a000 r--p 00015000 08:07 25432434                   /lib/x86_64-linux-gnu/libgcc_s.so.1
7fac0db1a000-7fac0db1b000 rw-p 00016000 08:07 25432434                   /lib/x86_64-linux-gnu/libgcc_s.so.1
7fac0db1b000-7fac0dc22000 r-xp 00000000 08:07 25428065                   /lib/x86_64-linux-gnu/libm-2.21.so
7fac0dc22000-7fac0de21000 ---p 00107000 08:07 25428065                   /lib/x86_64-linux-gnu/libm-2.21.so
7fac0de21000-7fac0de22000 r--p 00106000 08:07 25428065                   /lib/x86_64-linux-gnu/libm-2.21.so
7fac0de22000-7fac0de23000 rw-p 00107000 08:07 25428065                   /lib/x86_64-linux-gnu/libm-2.21.so
7fac0de23000-7fac0df96000 r-xp 00000000 08:07 5776546                    /usr/lib/x86_64-linux-gnu/libstdc++.so.6.0.21
7fac0df96000-7fac0e195000 ---p 00173000 08:07 5776546                    /usr/lib/x86_64-linux-gnu/libstdc++.so.6.0.21
7fac0e195000-7fac0e19f000 r--p 00172000 08:07 5776546                    /usr/lib/x86_64-linux-gnu/libstdc++.so.6.0.21
7fac0e19f000-7fac0e1a1000 rw-p 0017c000 08:07 5776546                    /usr/lib/x86_64-linux-gnu/libstdc++.so.6.0.21
7fac0e1a1000-7fac0e1a5000 rw-p 00000000 00:00 0 
7fac0e1a5000-7fac0ecf8000 r-xp 00000000 08:07 6818601                    /usr/lib/jvm/java-7-openjdk-amd64/jre/lib/amd64/server/libjvm.so
7fac0ecf8000-7fac0eef7000 ---p 00b53000 08:07 6818601                    /usr/lib/jvm/java-7-openjdk-amd64/jre/lib/amd64/server/libjvm.so
7fac0eef7000-7fac0ef88000 r--p 00b52000 08:07 6818601                    /usr/lib/jvm/java-7-openjdk-amd64/jre/lib/amd64/server/libjvm.so
7fac0ef88000-7fac0efab000 rw-p 00be3000 08:07 6818601                    /usr/lib/jvm/java-7-openjdk-amd64/jre/lib/amd64/server/libjvm.so
7fac0efab000-7fac0efd8000 rw-p 00000000 00:00 0 
7fac0efd8000-7fac0eff1000 r-xp 00000000 08:07 25432580                   /lib/x86_64-linux-gnu/libz.so.1.2.8
7fac0eff1000-7fac0f1f0000 ---p 00019000 08:07 25432580                   /lib/x86_64-linux-gnu/libz.so.1.2.8
7fac0f1f0000-7fac0f1f1000 r--p 00018000 08:07 25432580                   /lib/x86_64-linux-gnu/libz.so.1.2.8
7fac0f1f1000-7fac0f1f2000 rw-p 00019000 08:07 25432580                   /lib/x86_64-linux-gnu/libz.so.1.2.8
7fac0f1f2000-7fac0f20a000 r-xp 00000000 08:07 25428066                   /lib/x86_64-linux-gnu/libpthread-2.21.so
7fac0f20a000-7fac0f40a000 ---p 00018000 08:07 25428066                   /lib/x86_64-linux-gnu/libpthread-2.21.so
7fac0f40a000-7fac0f40b000 r--p 00018000 08:07 25428066                   /lib/x86_64-linux-gnu/libpthread-2.21.so
7fac0f40b000-7fac0f40c000 rw-p 00019000 08:07 25428066                   /lib/x86_64-linux-gnu/libpthread-2.21.so
7fac0f40c000-7fac0f410000 rw-p 00000000 00:00 0 
7fac0f410000-7fac0f413000 r-xp 00000000 08:07 25428069                   /lib/x86_64-linux-gnu/libdl-2.21.so
7fac0f413000-7fac0f612000 ---p 00003000 08:07 25428069                   /lib/x86_64-linux-gnu/libdl-2.21.so
7fac0f612000-7fac0f613000 r--p 00002000 08:07 25428069                   /lib/x86_64-linux-gnu/libdl-2.21.so
7fac0f613000-7fac0f614000 rw-p 00003000 08:07 25428069                   /lib/x86_64-linux-gnu/libdl-2.21.so
7fac0f614000-7fac0f7d4000 r-xp 00000000 08:07 25432441                   /lib/x86_64-linux-gnu/libc-2.21.so
7fac0f7d4000-7fac0f9d4000 ---p 001c0000 08:07 25432441                   /lib/x86_64-linux-gnu/libc-2.21.so
7fac0f9d4000-7fac0f9d8000 r--p 001c0000 08:07 25432441                   /lib/x86_64-linux-gnu/libc-2.21.so
7fac0f9d8000-7fac0f9da000 rw-p 001c4000 08:07 25432441                   /lib/x86_64-linux-gnu/libc-2.21.so
7fac0f9da000-7fac0f9de000 rw-p 00000000 00:00 0 
7fac0f9de000-7fac0f9eb000 r-xp 00000000 08:07 6951665                    /usr/lib/jvm/java-7-openjdk-amd64/jre/lib/amd64/jli/libjli.so
7fac0f9eb000-7fac0fbea000 ---p 0000d000 08:07 6951665                    /usr/lib/jvm/java-7-openjdk-amd64/jre/lib/amd64/jli/libjli.so
7fac0fbea000-7fac0fbeb000 r--p 0000c000 08:07 6951665                    /usr/lib/jvm/java-7-openjdk-amd64/jre/lib/amd64/jli/libjli.so
7fac0fbeb000-7fac0fbec000 rw-p 0000d000 08:07 6951665                    /usr/lib/jvm/java-7-openjdk-amd64/jre/lib/amd64/jli/libjli.so
7fac0fbec000-7fac0fc10000 r-xp 00000000 08:07 25432426                   /lib/x86_64-linux-gnu/ld-2.21.so
7fac0fc10000-7fac0fc11000 r--s 00005000 08:03 170341                     /media/bharti/New Volume1/java_course/course1/UCSDUnfoldingMaps/lib/libTUIO.jar
7fac0fc11000-7fac0fc12000 r--s 00007000 08:03 170339                     /media/bharti/New Volume1/java_course/course1/UCSDUnfoldingMaps/lib/json4processing.jar
7fac0fc12000-7fac0fc33000 rw-p 00000000 00:00 0 
7fac0fc33000-7fac0fce9000 rw-p 00000000 00:00 0 
7fac0fce9000-7fac0fcec000 ---p 00000000 00:00 0 
7fac0fcec000-7fac0fdef000 rw-p 00000000 00:00 0 
7fac0fdef000-7fac0fdf0000 r--s 00002000 08:07 7095290                    /usr/lib/jvm/java-7-openjdk-amd64/jre/lib/ext/dnsns.jar
7fac0fdf0000-7fac0fdf2000 r--s 00012000 08:07 7095291                    /usr/lib/jvm/java-7-openjdk-amd64/jre/lib/ext/zipfs.jar
7fac0fdf2000-7fac0fdf4000 r--s 00007000 08:07 6295725                    /usr/share/java/java-atk-wrapper.jar
7fac0fdf4000-7fac0fdf8000 r--s 00085000 08:07 7095294                    /usr/lib/jvm/java-7-openjdk-amd64/jre/lib/ext/localedata.jar
7fac0fdf8000-7fac0fe03000 r--s 00203000 08:07 6818625                    /usr/lib/jvm/java-7-openjdk-amd64/jre/lib/charsets.jar
7fac0fe03000-7fac0fe0b000 rw-s 00000000 08:07 22544658                   /tmp/hsperfdata_bharti/7489
7fac0fe0b000-7fac0fe0c000 rw-p 00000000 00:00 0 
7fac0fe0c000-7fac0fe0d000 r--p 00000000 00:00 0 
7fac0fe0d000-7fac0fe0f000 rw-p 00000000 00:00 0 
7fac0fe0f000-7fac0fe10000 r--p 00023000 08:07 25432426                   /lib/x86_64-linux-gnu/ld-2.21.so
7fac0fe10000-7fac0fe11000 rw-p 00024000 08:07 25432426                   /lib/x86_64-linux-gnu/ld-2.21.so
7fac0fe11000-7fac0fe12000 rw-p 00000000 00:00 0 
7ffdcc4a2000-7ffdcc4c3000 rw-p 00000000 00:00 0                          [stack]
7ffdcc5c1000-7ffdcc5c3000 r--p 00000000 00:00 0                          [vvar]
7ffdcc5c3000-7ffdcc5c5000 r-xp 00000000 00:00 0                          [vdso]
ffffffffff600000-ffffffffff601000 r-xp 00000000 00:00 0                  [vsyscall]

VM Arguments:
jvm_args: -Djava.security.policy=java.policy.applet -Dfile.encoding=UTF-8 
java_command: sun.applet.AppletViewer module6.AirportMap1498659652024.html
Launcher Type: SUN_STANDARD

Environment Variables:
PATH=/usr/local/sbin:/usr/local/bin:/usr/sbin:/usr/bin:/sbin:/bin:/usr/games:/usr/local/games
SHELL=/bin/bash
DISPLAY=:0

Signal Handlers:
SIGSEGV: [libjvm.so+0x996e60], sa_mask[0]=0x7ffbfeff, sa_flags=0x10000004
SIGBUS: [libjvm.so+0x996e60], sa_mask[0]=0x7ffbfeff, sa_flags=0x10000004
SIGFPE: [libjvm.so+0x7fdc90], sa_mask[0]=0x7ffbfeff, sa_flags=0x10000004
SIGPIPE: [libjvm.so+0x7fdc90], sa_mask[0]=0x7ffbfeff, sa_flags=0x10000004
SIGXFSZ: [libjvm.so+0x7fdc90], sa_mask[0]=0x7ffbfeff, sa_flags=0x10000004
SIGILL: [libjvm.so+0x7fdc90], sa_mask[0]=0x7ffbfeff, sa_flags=0x10000004
SIGUSR1: SIG_DFL, sa_mask[0]=0x00000000, sa_flags=0x00000000
SIGUSR2: [libjvm.so+0x7fdb10], sa_mask[0]=0x00000004, sa_flags=0x10000004
SIGHUP: [libjvm.so+0x7fdca0], sa_mask[0]=0x7ffbfeff, sa_flags=0x10000004
SIGINT: [libjvm.so+0x7fdca0], sa_mask[0]=0x7ffbfeff, sa_flags=0x10000004
SIGTERM: [libjvm.so+0x7fdca0], sa_mask[0]=0x7ffbfeff, sa_flags=0x10000004
SIGQUIT: [libjvm.so+0x7fdca0], sa_mask[0]=0x7ffbfeff, sa_flags=0x10000004
SIGTRAP: SIG_DFL, sa_mask[0]=0x00000000, sa_flags=0x00000000


---------------  S Y S T E M  ---------------

OS:Ubuntu 15.10 (wily)
uname:Linux 4.2.0-42-generic #49-Ubuntu SMP Tue Jun 28 21:26:26 UTC 2016 x86_64
libc:glibc 2.21 NPTL 2.21 
rlimit: STACK 8192k, CORE 0k, NPROC 15283, NOFILE 65536, AS infinity
load average:0.52 0.34 0.25

/proc/meminfo:
MemTotal:        3949124 kB
MemFree:         1056564 kB
MemAvailable:    1726992 kB
Buffers:          319140 kB
Cached:           898812 kB
SwapCached:         8508 kB
Active:          1649956 kB
Inactive:        1072492 kB
Active(anon):    1248608 kB
Inactive(anon):   655400 kB
Active(file):     401348 kB
Inactive(file):   417092 kB
Unevictable:         256 kB
Mlocked:             256 kB
SwapTotal:       7811068 kB
SwapFree:        7752184 kB
Dirty:              1320 kB
Writeback:             0 kB
AnonPages:       1498764 kB
Mapped:           420304 kB
Shmem:            399468 kB
Slab:              78220 kB
SReclaimable:      41844 kB
SUnreclaim:        36376 kB
KernelStack:        9696 kB
PageTables:        38652 kB
NFS_Unstable:          0 kB
Bounce:                0 kB
WritebackTmp:          0 kB
CommitLimit:     9785628 kB
Committed_AS:    6127392 kB
VmallocTotal:   34359738367 kB
VmallocUsed:      350560 kB
VmallocChunk:   34358947836 kB
HardwareCorrupted:     0 kB
AnonHugePages:    735232 kB
CmaTotal:              0 kB
CmaFree:               0 kB
HugePages_Total:       0
HugePages_Free:        0
HugePages_Rsvd:        0
HugePages_Surp:        0
Hugepagesize:       2048 kB
DirectMap4k:      227916 kB
DirectMap2M:     2820096 kB
DirectMap1G:     1048576 kB


CPU:total 4 (2 cores per cpu, 2 threads per core) family 6 model 69 stepping 1, cmov, cx8, fxsr, mmx, sse, sse2, sse3, ssse3, sse4.1, sse4.2, popcnt, avx, avx2, aes, erms, ht, tsc, tscinvbit

/proc/cpuinfo:
processor	: 0
vendor_id	: GenuineIntel
cpu family	: 6
model		: 69
model name	: Intel(R) Core(TM) i5-4210U CPU @ 1.70GHz
stepping	: 1
microcode	: 0x1c
cpu MHz		: 2684.605
cache size	: 3072 KB
physical id	: 0
siblings	: 4
core id		: 0
cpu cores	: 2
apicid		: 0
initial apicid	: 0
fpu		: yes
fpu_exception	: yes
cpuid level	: 13
wp		: yes
flags		: fpu vme de pse tsc msr pae mce cx8 apic sep mtrr pge mca cmov pat pse36 clflush dts acpi mmx fxsr sse sse2 ss ht tm pbe syscall nx pdpe1gb rdtscp lm constant_tsc arch_perfmon pebs bts rep_good nopl xtopology nonstop_tsc aperfmperf eagerfpu pni pclmulqdq dtes64 monitor ds_cpl vmx est tm2 ssse3 fma cx16 xtpr pdcm pcid sse4_1 sse4_2 movbe popcnt tsc_deadline_timer aes xsave avx f16c rdrand lahf_lm abm ida arat epb pln pts dtherm tpr_shadow vnmi flexpriority ept vpid fsgsbase tsc_adjust bmi1 avx2 smep bmi2 erms invpcid xsaveopt
bugs		:
bogomips	: 3392.39
clflush size	: 64
cache_alignment	: 64
address sizes	: 39 bits physical, 48 bits virtual
power management:

processor	: 1
vendor_id	: GenuineIntel
cpu family	: 6
model		: 69
model name	: Intel(R) Core(TM) i5-4210U CPU @ 1.70GHz
stepping	: 1
microcode	: 0x1c
cpu MHz		: 2399.988
cache size	: 3072 KB
physical id	: 0
siblings	: 4
core id		: 1
cpu cores	: 2
apicid		: 2
initial apicid	: 2
fpu		: yes
fpu_exception	: yes
cpuid level	: 13
wp		: yes
flags		: fpu vme de pse tsc msr pae mce cx8 apic sep mtrr pge mca cmov pat pse36 clflush dts acpi mmx fxsr sse sse2 ss ht tm pbe syscall nx pdpe1gb rdtscp lm constant_tsc arch_perfmon pebs bts rep_good nopl xtopology nonstop_tsc aperfmperf eagerfpu pni pclmulqdq dtes64 monitor ds_cpl vmx est tm2 ssse3 fma cx16 xtpr pdcm pcid sse4_1 sse4_2 movbe popcnt tsc_deadline_timer aes xsave avx f16c rdrand lahf_lm abm ida arat epb pln pts dtherm tpr_shadow vnmi flexpriority ept vpid fsgsbase tsc_adjust bmi1 avx2 smep bmi2 erms invpcid xsaveopt
bugs		:
bogomips	: 3392.39
clflush size	: 64
cache_alignment	: 64
address sizes	: 39 bits physical, 48 bits virtual
power management:

processor	: 2
vendor_id	: GenuineIntel
cpu family	: 6
model		: 69
model name	: Intel(R) Core(TM) i5-4210U CPU @ 1.70GHz
stepping	: 1
microcode	: 0x1c
cpu MHz		: 2689.984
cache size	: 3072 KB
physical id	: 0
siblings	: 4
core id		: 0
cpu cores	: 2
apicid		: 1
initial apicid	: 1
fpu		: yes
fpu_exception	: yes
cpuid level	: 13
wp		: yes
flags		: fpu vme de pse tsc msr pae mce cx8 apic sep mtrr pge mca cmov pat pse36 clflush dts acpi mmx fxsr sse sse2 ss ht tm pbe syscall nx pdpe1gb rdtscp lm constant_tsc arch_perfmon pebs bts rep_good nopl xtopology nonstop_tsc aperfmperf eagerfpu pni pclmulqdq dtes64 monitor ds_cpl vmx est tm2 ssse3 fma cx16 xtpr pdcm pcid sse4_1 sse4_2 movbe popcnt tsc_deadline_timer aes xsave avx f16c rdrand lahf_lm abm ida arat epb pln pts dtherm tpr_shadow vnmi flexpriority ept vpid fsgsbase tsc_adjust bmi1 avx2 smep bmi2 erms invpcid xsaveopt
bugs		:
bogomips	: 3392.39
clflush size	: 64
cache_alignment	: 64
address sizes	: 39 bits physical, 48 bits virtual
power management:

processor	: 3
vendor_id	: GenuineIntel
cpu family	: 6
model		: 69
model name	: Intel(R) Core(TM) i5-4210U CPU @ 1.70GHz
stepping	: 1
microcode	: 0x1c
cpu MHz		: 2400.785
cache size	: 3072 KB
physical id	: 0
siblings	: 4
core id		: 1
cpu cores	: 2
apicid		: 3
initial apicid	: 3
fpu		: yes
fpu_exception	: yes
cpuid level	: 13
wp		: yes
flags		: fpu vme de pse tsc msr pae mce cx8 apic sep mtrr pge mca cmov pat pse36 clflush dts acpi mmx fxsr sse sse2 ss ht tm pbe syscall nx pdpe1gb rdtscp lm constant_tsc arch_perfmon pebs bts rep_good nopl xtopology nonstop_tsc aperfmperf eagerfpu pni pclmulqdq dtes64 monitor ds_cpl vmx est tm2 ssse3 fma cx16 xtpr pdcm pcid sse4_1 sse4_2 movbe popcnt tsc_deadline_timer aes xsave avx f16c rdrand lahf_lm abm ida arat epb pln pts dtherm tpr_shadow vnmi flexpriority ept vpid fsgsbase tsc_adjust bmi1 avx2 smep bmi2 erms invpcid xsaveopt
bugs		:
bogomips	: 3392.39
clflush size	: 64
cache_alignment	: 64
address sizes	: 39 bits physical, 48 bits virtual
power management:



Memory: 4k page, physical 3949124k(1056564k free), swap 7811068k(7752184k free)

vm_info: OpenJDK 64-Bit Server VM (24.95-b01) for linux-amd64 JRE (1.7.0_101-b00), built on Apr 24 2016 20:35:58 by "buildd" with gcc 5.2.1 20151010

time: Wed Jun 28 19:51:05 2017
elapsed time: 13 seconds

